14:05:59.804 Generated session secret
14:06:00.766 DB not initialized, please visit setup page - http://[your-server-host]:8080 to see instructions on how to initialize Trilium.
14:06:00.769 DB size: 4 KB
14:06:02.137 {
  "appVersion": "0.63.7",
  "dbVersion": 228,
  "nodeVersion": "v18.18.2",
  "syncVersion": 32,
  "buildDate": "2024-05-30T06:59:06+02:00",
  "buildRevision": "95d46b7ce7e0036eeb72b43e1815cc5c00dc214c",
  "dataDirectory": "/home/node/trilium-data",
  "clipperProtocolVersion": "1.0",
  "utcDateTime": "2026-06-05T14:06:00.400Z"
}
14:06:02.138 CPU model: Intel(R) Xeon(R) CPU E5-2680 v4 @ 2.40GHz, logical cores: 2 freq: 2397 Mhz
14:06:02.139 Trusted reverse proxy: false
14:06:02.141 App HTTP server starting up at port 8080
14:06:02.152 Listening on port 8080
14:06:04.605 Slow 200 GET /api/health-check with 15 bytes took 10ms
14:06:34.877 200 GET /api/health-check with 15 bytes took 3ms
14:07:05.115 200 GET /api/health-check with 15 bytes took 3ms
14:07:35.441 200 GET /api/health-check with 15 bytes took 3ms
14:08:05.755 200 GET /api/health-check with 15 bytes took 2ms
14:08:36.045 200 GET /api/health-check with 15 bytes took 4ms
14:09:06.345 200 GET /api/health-check with 15 bytes took 3ms
14:09:36.599 200 GET /api/health-check with 15 bytes took 4ms
14:10:06.907 200 GET /api/health-check with 15 bytes took 3ms
14:10:37.231 200 GET /api/health-check with 15 bytes took 4ms
14:11:07.495 200 GET /api/health-check with 15 bytes took 1ms
14:11:37.807 200 GET /api/health-check with 15 bytes took 2ms
14:12:08.078 200 GET /api/health-check with 15 bytes took 2ms
14:12:38.395 200 GET /api/health-check with 15 bytes took 4ms
14:13:08.650 200 GET /api/health-check with 15 bytes took 6ms
14:13:38.912 200 GET /api/health-check with 15 bytes took 3ms
14:14:09.174 200 GET /api/health-check with 15 bytes took 2ms
14:14:39.466 200 GET /api/health-check with 15 bytes took 3ms
14:15:09.748 200 GET /api/health-check with 15 bytes took 3ms
14:15:40.014 200 GET /api/health-check with 15 bytes took 3ms
14:16:10.291 200 GET /api/health-check with 15 bytes took 3ms
14:16:40.551 200 GET /api/health-check with 15 bytes took 3ms
14:17:10.801 200 GET /api/health-check with 15 bytes took 4ms
14:17:41.025 200 GET /api/health-check with 15 bytes took 1ms
14:18:11.390 200 GET /api/health-check with 15 bytes took 3ms
14:18:41.752 200 GET /api/health-check with 15 bytes took 3ms
14:19:12.017 200 GET /api/health-check with 15 bytes took 2ms
14:19:42.312 200 GET /api/health-check with 15 bytes took 6ms
14:20:12.530 200 GET /api/health-check with 15 bytes took 1ms
14:20:42.842 200 GET /api/health-check with 15 bytes took 5ms
14:21:13.184 200 GET /api/health-check with 15 bytes took 5ms
14:21:43.456 200 GET /api/health-check with 15 bytes took 2ms
14:22:13.758 200 GET /api/health-check with 15 bytes took 3ms
14:22:44.038 200 GET /api/health-check with 15 bytes took 4ms
14:23:14.317 200 GET /api/health-check with 15 bytes took 1ms
14:23:44.591 200 GET /api/health-check with 15 bytes took 2ms
14:24:14.852 200 GET /api/health-check with 15 bytes took 1ms
14:24:45.155 200 GET /api/health-check with 15 bytes took 3ms
14:25:15.385 200 GET /api/health-check with 15 bytes took 1ms
14:25:45.620 200 GET /api/health-check with 15 bytes took 2ms
14:26:15.889 200 GET /api/health-check with 15 bytes took 8ms
14:26:46.162 200 GET /api/health-check with 15 bytes took 5ms
14:27:16.393 200 GET /api/health-check with 15 bytes took 1ms
14:27:46.676 200 GET /api/health-check with 15 bytes took 3ms
14:28:16.926 200 GET /api/health-check with 15 bytes took 3ms
14:28:47.149 200 GET /api/health-check with 15 bytes took 4ms
14:29:17.419 Slow 200 GET /api/health-check with 15 bytes took 10ms
14:29:47.694 200 GET /api/health-check with 15 bytes took 1ms
14:30:18.050 200 GET /api/health-check with 15 bytes took 3ms
14:30:48.329 200 GET /api/health-check with 15 bytes took 2ms
14:31:18.606 200 GET /api/health-check with 15 bytes took 1ms
14:31:48.886 200 GET /api/health-check with 15 bytes took 2ms
14:32:19.152 200 GET /api/health-check with 15 bytes took 2ms
14:32:49.459 200 GET /api/health-check with 15 bytes took 3ms
14:33:19.706 200 GET /api/health-check with 15 bytes took 3ms
14:33:49.981 200 GET /api/health-check with 15 bytes took 2ms
14:34:20.196 200 GET /api/health-check with 15 bytes took 2ms
14:34:50.437 200 GET /api/health-check with 15 bytes took 9ms
14:35:20.689 200 GET /api/health-check with 15 bytes took 2ms
14:35:50.977 200 GET /api/health-check with 15 bytes took 2ms
14:36:21.244 200 GET /api/health-check with 15 bytes took 2ms
14:36:51.546 200 GET /api/health-check with 15 bytes took 2ms
14:37:21.808 200 GET /api/health-check with 15 bytes took 2ms
14:37:52.043 200 GET /api/health-check with 15 bytes took 1ms
14:38:22.291 200 GET /api/health-check with 15 bytes took 4ms
14:38:52.517 200 GET /api/health-check with 15 bytes took 3ms
14:39:22.765 200 GET /api/health-check with 15 bytes took 2ms
14:39:53.039 200 GET /api/health-check with 15 bytes took 2ms
14:40:23.306 200 GET /api/health-check with 15 bytes took 3ms
14:40:53.544 200 GET /api/health-check with 15 bytes took 1ms
14:41:23.785 200 GET /api/health-check with 15 bytes took 2ms
14:41:54.018 200 GET /api/health-check with 15 bytes took 2ms
14:42:24.281 200 GET /api/health-check with 15 bytes took 3ms
14:42:54.518 200 GET /api/health-check with 15 bytes took 1ms
14:43:24.807 200 GET /api/health-check with 15 bytes took 2ms
14:43:55.076 200 GET /api/health-check with 15 bytes took 2ms
14:44:25.342 200 GET /api/health-check with 15 bytes took 2ms
14:44:55.635 200 GET /api/health-check with 15 bytes took 3ms
14:45:25.909 200 GET /api/health-check with 15 bytes took 1ms
14:45:56.151 200 GET /api/health-check with 15 bytes took 3ms
14:46:26.381 200 GET /api/health-check with 15 bytes took 2ms
14:46:56.610 200 GET /api/health-check with 15 bytes took 3ms
14:47:26.848 200 GET /api/health-check with 15 bytes took 2ms
14:47:57.130 200 GET /api/health-check with 15 bytes took 3ms
14:48:27.424 200 GET /api/health-check with 15 bytes took 1ms
14:48:57.682 200 GET /api/health-check with 15 bytes took 3ms
14:49:27.951 200 GET /api/health-check with 15 bytes took 7ms
14:49:58.255 200 GET /api/health-check with 15 bytes took 3ms
14:50:28.522 200 GET /api/health-check with 15 bytes took 2ms
14:50:58.743 200 GET /api/health-check with 15 bytes took 2ms
14:51:28.997 200 GET /api/health-check with 15 bytes took 3ms
14:51:59.251 200 GET /api/health-check with 15 bytes took 4ms
14:52:29.493 200 GET /api/health-check with 15 bytes took 1ms
14:52:59.741 200 GET /api/health-check with 15 bytes took 2ms
14:53:30.026 200 GET /api/health-check with 15 bytes took 2ms
14:54:00.304 200 GET /api/health-check with 15 bytes took 1ms
14:54:30.574 200 GET /api/health-check with 15 bytes took 4ms
14:55:00.852 200 GET /api/health-check with 15 bytes took 3ms
14:55:31.183 200 GET /api/health-check with 15 bytes took 4ms
14:56:01.429 200 GET /api/health-check with 15 bytes took 2ms
14:56:31.647 200 GET /api/health-check with 15 bytes took 3ms
14:57:01.883 200 GET /api/health-check with 15 bytes took 2ms
14:57:32.122 200 GET /api/health-check with 15 bytes took 2ms
14:58:02.467 200 GET /api/health-check with 15 bytes took 3ms
14:58:32.727 200 GET /api/health-check with 15 bytes took 2ms
14:59:02.990 200 GET /api/health-check with 15 bytes took 2ms
14:59:33.267 200 GET /api/health-check with 15 bytes took 2ms
15:00:03.556 200 GET /api/health-check with 15 bytes took 1ms
15:00:33.821 200 GET /api/health-check with 15 bytes took 2ms
15:01:04.051 200 GET /api/health-check with 15 bytes took 3ms
15:01:34.301 200 GET /api/health-check with 15 bytes took 3ms
15:02:04.582 200 GET /api/health-check with 15 bytes took 1ms
15:02:34.844 200 GET /api/health-check with 15 bytes took 2ms
15:03:05.114 200 GET /api/health-check with 15 bytes took 3ms
15:03:35.345 200 GET /api/health-check with 15 bytes took 2ms
15:04:05.617 200 GET /api/health-check with 15 bytes took 1ms
15:04:35.837 200 GET /api/health-check with 15 bytes took 3ms
15:05:06.090 200 GET /api/health-check with 15 bytes took 2ms
15:05:36.329 200 GET /api/health-check with 15 bytes took 3ms
15:06:06.678 200 GET /api/health-check with 15 bytes took 2ms
15:06:36.927 200 GET /api/health-check with 15 bytes took 3ms
15:07:07.191 200 GET /api/health-check with 15 bytes took 1ms
15:07:37.455 200 GET /api/health-check with 15 bytes took 8ms
15:08:07.692 200 GET /api/health-check with 15 bytes took 2ms
15:08:38.002 200 GET /api/health-check with 15 bytes took 4ms
15:09:08.277 200 GET /api/health-check with 15 bytes took 3ms
15:09:38.490 200 GET /api/health-check with 15 bytes took 1ms
15:10:08.761 200 GET /api/health-check with 15 bytes took 4ms
15:10:38.992 200 GET /api/health-check with 15 bytes took 2ms
15:11:09.256 200 GET /api/health-check with 15 bytes took 2ms
15:11:39.516 200 GET /api/health-check with 15 bytes took 1ms
15:12:09.779 200 GET /api/health-check with 15 bytes took 3ms
15:12:40.008 200 GET /api/health-check with 15 bytes took 2ms
15:13:10.263 200 GET /api/health-check with 15 bytes took 3ms
15:13:40.513 200 GET /api/health-check with 15 bytes took 3ms
15:14:10.774 200 GET /api/health-check with 15 bytes took 2ms
15:14:41.007 200 GET /api/health-check with 15 bytes took 3ms
15:15:11.323 200 GET /api/health-check with 15 bytes took 2ms
15:15:41.545 200 GET /api/health-check with 15 bytes took 2ms
15:16:11.848 Slow 200 GET /api/health-check with 15 bytes took 10ms
15:16:42.137 200 GET /api/health-check with 15 bytes took 2ms
15:17:12.355 200 GET /api/health-check with 15 bytes took 1ms
15:17:42.614 200 GET /api/health-check with 15 bytes took 4ms
15:18:12.891 200 GET /api/health-check with 15 bytes took 3ms
15:18:43.171 200 GET /api/health-check with 15 bytes took 3ms
15:19:13.415 200 GET /api/health-check with 15 bytes took 2ms
15:19:43.680 200 GET /api/health-check with 15 bytes took 2ms
15:20:13.924 200 GET /api/health-check with 15 bytes took 1ms
15:20:44.191 200 GET /api/health-check with 15 bytes took 6ms
15:21:14.465 200 GET /api/health-check with 15 bytes took 5ms
15:21:44.776 200 GET /api/health-check with 15 bytes took 3ms
15:22:15.046 200 GET /api/health-check with 15 bytes took 4ms
15:22:45.296 200 GET /api/health-check with 15 bytes took 2ms
15:23:15.515 200 GET /api/health-check with 15 bytes took 1ms
15:23:45.805 200 GET /api/health-check with 15 bytes took 4ms
15:24:16.066 200 GET /api/health-check with 15 bytes took 3ms
15:24:46.294 200 GET /api/health-check with 15 bytes took 2ms
15:25:16.568 200 GET /api/health-check with 15 bytes took 3ms
15:25:46.803 200 GET /api/health-check with 15 bytes took 1ms
15:26:17.052 200 GET /api/health-check with 15 bytes took 7ms
15:26:47.258 200 GET /api/health-check with 15 bytes took 1ms
15:27:17.597 200 GET /api/health-check with 15 bytes took 5ms
15:27:47.884 200 GET /api/health-check with 15 bytes took 5ms
15:28:18.097 200 GET /api/health-check with 15 bytes took 1ms
15:28:48.365 200 GET /api/health-check with 15 bytes took 4ms
15:29:18.633 200 GET /api/health-check with 15 bytes took 1ms
15:29:48.920 200 GET /api/health-check with 15 bytes took 3ms
15:30:19.156 200 GET /api/health-check with 15 bytes took 2ms
15:30:49.418 200 GET /api/health-check with 15 bytes took 3ms
15:31:19.657 200 GET /api/health-check with 15 bytes took 3ms
15:31:49.902 200 GET /api/health-check with 15 bytes took 3ms
15:32:20.152 200 GET /api/health-check with 15 bytes took 3ms
15:32:50.399 200 GET /api/health-check with 15 bytes took 2ms
15:33:20.665 200 GET /api/health-check with 15 bytes took 3ms
15:33:51.004 200 GET /api/health-check with 15 bytes took 3ms
15:34:21.230 200 GET /api/health-check with 15 bytes took 2ms
15:34:51.570 200 GET /api/health-check with 15 bytes took 5ms
15:35:21.834 200 GET /api/health-check with 15 bytes took 3ms
15:35:52.135 200 GET /api/health-check with 15 bytes took 1ms
15:36:22.391 200 GET /api/health-check with 15 bytes took 3ms
15:36:52.686 200 GET /api/health-check with 15 bytes took 4ms
15:37:22.926 200 GET /api/health-check with 15 bytes took 2ms
15:37:53.221 200 GET /api/health-check with 15 bytes took 2ms
15:38:23.435 200 GET /api/health-check with 15 bytes took 2ms
15:38:53.699 200 GET /api/health-check with 15 bytes took 2ms
15:39:23.962 200 GET /api/health-check with 15 bytes took 6ms
15:39:54.241 200 GET /api/health-check with 15 bytes took 3ms
15:40:24.523 200 GET /api/health-check with 15 bytes took 3ms
15:40:54.767 200 GET /api/health-check with 15 bytes took 2ms
15:41:24.993 200 GET /api/health-check with 15 bytes took 2ms
15:41:55.262 200 GET /api/health-check with 15 bytes took 2ms
15:42:25.514 200 GET /api/health-check with 15 bytes took 1ms
15:42:55.834 200 GET /api/health-check with 15 bytes took 2ms
15:43:26.080 200 GET /api/health-check with 15 bytes took 1ms
15:43:56.451 200 GET /api/health-check with 15 bytes took 3ms
15:44:26.768 200 GET /api/health-check with 15 bytes took 3ms
15:44:57.046 200 GET /api/health-check with 15 bytes took 2ms
15:45:27.298 200 GET /api/health-check with 15 bytes took 1ms
15:45:57.561 200 GET /api/health-check with 15 bytes took 2ms
15:46:27.800 200 GET /api/health-check with 15 bytes took 1ms
15:46:58.118 200 GET /api/health-check with 15 bytes took 3ms
15:47:28.388 200 GET /api/health-check with 15 bytes took 3ms
15:47:58.629 200 GET /api/health-check with 15 bytes took 2ms
15:48:28.997 200 GET /api/health-check with 15 bytes took 3ms
15:48:59.311 200 GET /api/health-check with 15 bytes took 3ms
15:49:29.558 200 GET /api/health-check with 15 bytes took 2ms
15:49:59.805 200 GET /api/health-check with 15 bytes took 4ms
15:50:30.084 200 GET /api/health-check with 15 bytes took 2ms
15:51:00.347 200 GET /api/health-check with 15 bytes took 2ms
15:51:30.606 200 GET /api/health-check with 15 bytes took 2ms
15:52:00.852 200 GET /api/health-check with 15 bytes took 2ms
15:52:31.108 200 GET /api/health-check with 15 bytes took 3ms
15:53:01.399 200 GET /api/health-check with 15 bytes took 1ms
15:53:31.717 200 GET /api/health-check with 15 bytes took 5ms
15:54:02.056 200 GET /api/health-check with 15 bytes took 1ms
15:54:32.306 200 GET /api/health-check with 15 bytes took 1ms
15:55:02.631 200 GET /api/health-check with 15 bytes took 3ms
15:55:32.875 200 GET /api/health-check with 15 bytes took 2ms
15:56:03.162 200 GET /api/health-check with 15 bytes took 3ms
15:56:33.423 200 GET /api/health-check with 15 bytes took 1ms
15:57:03.701 200 GET /api/health-check with 15 bytes took 2ms
15:57:33.935 200 GET /api/health-check with 15 bytes took 2ms
15:58:04.264 200 GET /api/health-check with 15 bytes took 2ms
15:58:34.524 200 GET /api/health-check with 15 bytes took 2ms
15:59:04.776 200 GET /api/health-check with 15 bytes took 2ms
15:59:35.034 200 GET /api/health-check with 15 bytes took 2ms
16:00:05.369 200 GET /api/health-check with 15 bytes took 2ms
16:00:35.650 200 GET /api/health-check with 15 bytes took 4ms
16:01:05.906 200 GET /api/health-check with 15 bytes took 3ms
16:01:36.166 200 GET /api/health-check with 15 bytes took 4ms
16:02:06.418 200 GET /api/health-check with 15 bytes took 2ms
16:02:36.666 200 GET /api/health-check with 15 bytes took 8ms
16:03:06.894 200 GET /api/health-check with 15 bytes took 3ms
16:03:37.226 200 GET /api/health-check with 15 bytes took 2ms
16:04:07.479 200 GET /api/health-check with 15 bytes took 3ms
16:04:37.714 200 GET /api/health-check with 15 bytes took 2ms
16:05:08.000 200 GET /api/health-check with 15 bytes took 3ms
16:05:38.307 Slow 200 GET /api/health-check with 15 bytes took 10ms
16:06:08.576 200 GET /api/health-check with 15 bytes took 2ms
16:06:38.843 200 GET /api/health-check with 15 bytes took 3ms
16:07:09.122 200 GET /api/health-check with 15 bytes took 4ms
16:07:39.356 200 GET /api/health-check with 15 bytes took 1ms
16:08:09.648 200 GET /api/health-check with 15 bytes took 2ms
16:08:39.900 200 GET /api/health-check with 15 bytes took 2ms
16:09:10.155 200 GET /api/health-check with 15 bytes took 2ms
16:09:40.392 200 GET /api/health-check with 15 bytes took 1ms
16:10:10.644 200 GET /api/health-check with 15 bytes took 2ms
16:10:40.880 200 GET /api/health-check with 15 bytes took 2ms
16:11:11.188 200 GET /api/health-check with 15 bytes took 3ms
16:11:41.460 200 GET /api/health-check with 15 bytes took 8ms
16:12:11.733 200 GET /api/health-check with 15 bytes took 1ms
16:12:41.951 200 GET /api/health-check with 15 bytes took 1ms
16:13:12.203 200 GET /api/health-check with 15 bytes took 2ms
16:13:42.458 200 GET /api/health-check with 15 bytes took 3ms
16:14:12.760 200 GET /api/health-check with 15 bytes took 2ms
16:14:43.009 200 GET /api/health-check with 15 bytes took 6ms
16:15:13.313 200 GET /api/health-check with 15 bytes took 1ms
16:15:43.541 200 GET /api/health-check with 15 bytes took 2ms
16:16:13.809 200 GET /api/health-check with 15 bytes took 4ms
16:16:44.056 200 GET /api/health-check with 15 bytes took 2ms
16:17:14.319 200 GET /api/health-check with 15 bytes took 1ms
16:17:44.647 200 GET /api/health-check with 15 bytes took 4ms
16:18:14.872 200 GET /api/health-check with 15 bytes took 1ms
16:18:45.199 200 GET /api/health-check with 15 bytes took 2ms
16:19:15.473 200 GET /api/health-check with 15 bytes took 2ms
16:19:45.709 200 GET /api/health-check with 15 bytes took 1ms
16:20:16.005 200 GET /api/health-check with 15 bytes took 4ms
16:20:46.239 200 GET /api/health-check with 15 bytes took 4ms
16:21:16.558 200 GET /api/health-check with 15 bytes took 3ms
16:21:46.814 200 GET /api/health-check with 15 bytes took 1ms
16:22:17.077 200 GET /api/health-check with 15 bytes took 3ms
16:22:47.380 200 GET /api/health-check with 15 bytes took 2ms
16:23:17.646 200 GET /api/health-check with 15 bytes took 2ms
16:23:47.857 200 GET /api/health-check with 15 bytes took 1ms
16:24:18.151 200 GET /api/health-check with 15 bytes took 3ms
16:24:48.416 200 GET /api/health-check with 15 bytes took 1ms
16:25:18.662 200 GET /api/health-check with 15 bytes took 2ms
16:25:48.875 200 GET /api/health-check with 15 bytes took 1ms
16:26:19.146 200 GET /api/health-check with 15 bytes took 1ms
16:26:49.455 200 GET /api/health-check with 15 bytes took 3ms
16:27:19.716 200 GET /api/health-check with 15 bytes took 9ms
16:27:49.985 200 GET /api/health-check with 15 bytes took 3ms
16:28:20.232 200 GET /api/health-check with 15 bytes took 1ms
16:28:50.505 200 GET /api/health-check with 15 bytes took 2ms
16:29:20.750 200 GET /api/health-check with 15 bytes took 2ms
16:29:50.979 200 GET /api/health-check with 15 bytes took 4ms
16:30:21.271 200 GET /api/health-check with 15 bytes took 7ms
16:30:51.560 200 GET /api/health-check with 15 bytes took 4ms
16:31:21.876 200 GET /api/health-check with 15 bytes took 2ms
16:31:52.117 200 GET /api/health-check with 15 bytes took 1ms
16:32:22.389 200 GET /api/health-check with 15 bytes took 3ms
16:32:52.696 200 GET /api/health-check with 15 bytes took 1ms
16:33:22.995 200 GET /api/health-check with 15 bytes took 2ms
16:33:53.291 200 GET /api/health-check with 15 bytes took 2ms
16:34:23.602 200 GET /api/health-check with 15 bytes took 4ms
16:34:53.830 200 GET /api/health-check with 15 bytes took 2ms
16:35:24.122 200 GET /api/health-check with 15 bytes took 2ms
16:35:54.371 200 GET /api/health-check with 15 bytes took 1ms
16:36:24.654 200 GET /api/health-check with 15 bytes took 3ms
16:36:54.930 200 GET /api/health-check with 15 bytes took 3ms
16:37:25.205 200 GET /api/health-check with 15 bytes took 3ms
16:37:55.429 200 GET /api/health-check with 15 bytes took 1ms
16:38:25.695 200 GET /api/health-check with 15 bytes took 3ms
16:38:55.983 200 GET /api/health-check with 15 bytes took 8ms
16:39:26.264 200 GET /api/health-check with 15 bytes took 3ms
16:39:56.529 200 GET /api/health-check with 15 bytes took 4ms
16:40:26.770 200 GET /api/health-check with 15 bytes took 2ms
16:40:57.047 200 GET /api/health-check with 15 bytes took 2ms
16:41:27.295 200 GET /api/health-check with 15 bytes took 3ms
16:41:57.629 200 GET /api/health-check with 15 bytes took 2ms
16:42:27.867 200 GET /api/health-check with 15 bytes took 0ms
16:42:58.176 200 GET /api/health-check with 15 bytes took 4ms
16:43:28.440 200 GET /api/health-check with 15 bytes took 4ms
16:43:58.845 200 GET /api/health-check with 15 bytes took 4ms
16:44:29.131 200 GET /api/health-check with 15 bytes took 4ms
16:44:59.396 200 GET /api/health-check with 15 bytes took 1ms
16:45:29.687 200 GET /api/health-check with 15 bytes took 3ms
16:45:59.948 200 GET /api/health-check with 15 bytes took 2ms
16:46:30.210 200 GET /api/health-check with 15 bytes took 2ms
16:47:05.216 DB not initialized, please visit setup page - http://[your-server-host]:8080 to see instructions on how to initialize Trilium.
16:47:05.234 DB size: 4 KB
16:47:09.739 {
  "appVersion": "0.63.7",
  "dbVersion": 228,
  "nodeVersion": "v18.18.2",
  "syncVersion": 32,
  "buildDate": "2024-05-30T06:59:06+02:00",
  "buildRevision": "95d46b7ce7e0036eeb72b43e1815cc5c00dc214c",
  "dataDirectory": "/home/node/trilium-data",
  "clipperProtocolVersion": "1.0",
  "utcDateTime": "2026-06-05T16:47:04.415Z"
}
16:47:09.741 CPU model: Intel(R) Xeon(R) CPU E5-2680 v4 @ 2.40GHz, logical cores: 2 freq: 2397 Mhz
16:47:09.743 Trusted reverse proxy: false
16:47:09.746 App HTTP server starting up at port 8080
16:47:09.775 Listening on port 8080
16:47:13.078 Slow 200 GET /api/health-check with 15 bytes took 14ms
16:47:43.380 200 GET /api/health-check with 15 bytes took 5ms
16:48:13.672 200 GET /api/health-check with 15 bytes took 4ms
16:48:43.986 200 GET /api/health-check with 15 bytes took 3ms
16:49:14.249 200 GET /api/health-check with 15 bytes took 3ms
16:49:44.529 200 GET /api/health-check with 15 bytes took 3ms
16:50:14.852 200 GET /api/health-check with 15 bytes took 3ms
16:50:45.142 200 GET /api/health-check with 15 bytes took 3ms
16:51:15.408 200 GET /api/health-check with 15 bytes took 3ms
16:51:45.656 200 GET /api/health-check with 15 bytes took 2ms
16:52:15.939 200 GET /api/health-check with 15 bytes took 3ms
16:52:46.188 200 GET /api/health-check with 15 bytes took 1ms
16:53:16.438 200 GET /api/health-check with 15 bytes took 3ms
16:53:46.703 200 GET /api/health-check with 15 bytes took 3ms
16:54:17.072 200 GET /api/health-check with 15 bytes took 3ms
16:54:47.311 200 GET /api/health-check with 15 bytes took 1ms
16:55:17.646 200 GET /api/health-check with 15 bytes took 1ms
16:55:47.921 200 GET /api/health-check with 15 bytes took 4ms
16:56:18.191 200 GET /api/health-check with 15 bytes took 2ms
16:56:48.420 200 GET /api/health-check with 15 bytes took 2ms
16:57:18.713 200 GET /api/health-check with 15 bytes took 3ms
16:57:49.002 200 GET /api/health-check with 15 bytes took 3ms
16:58:19.252 200 GET /api/health-check with 15 bytes took 1ms
16:58:49.547 200 GET /api/health-check with 15 bytes took 3ms
16:59:19.790 200 GET /api/health-check with 15 bytes took 2ms
16:59:50.080 200 GET /api/health-check with 15 bytes took 2ms
17:00:20.344 200 GET /api/health-check with 15 bytes took 3ms
17:00:50.621 200 GET /api/health-check with 15 bytes took 2ms
17:01:20.871 200 GET /api/health-check with 15 bytes took 2ms
17:01:51.121 200 GET /api/health-check with 15 bytes took 1ms
17:02:21.405 200 GET /api/health-check with 15 bytes took 2ms
17:02:51.694 200 GET /api/health-check with 15 bytes took 2ms
17:03:22.017 200 GET /api/health-check with 15 bytes took 2ms
17:03:52.282 200 GET /api/health-check with 15 bytes took 6ms
17:04:22.568 200 GET /api/health-check with 15 bytes took 3ms
17:04:52.820 200 GET /api/health-check with 15 bytes took 2ms
17:05:23.098 200 GET /api/health-check with 15 bytes took 3ms
17:05:53.387 200 GET /api/health-check with 15 bytes took 3ms
17:06:23.639 200 GET /api/health-check with 15 bytes took 3ms
17:06:53.860 200 GET /api/health-check with 15 bytes took 2ms
17:07:24.166 200 GET /api/health-check with 15 bytes took 2ms
17:07:54.484 200 GET /api/health-check with 15 bytes took 2ms
17:08:24.755 200 GET /api/health-check with 15 bytes took 1ms
17:08:55.003 200 GET /api/health-check with 15 bytes took 2ms
17:09:25.304 200 GET /api/health-check with 15 bytes took 2ms
17:09:55.598 200 GET /api/health-check with 15 bytes took 3ms
17:10:25.840 200 GET /api/health-check with 15 bytes took 3ms
17:10:56.082 200 GET /api/health-check with 15 bytes took 1ms
17:11:26.355 200 GET /api/health-check with 15 bytes took 1ms
17:11:56.662 200 GET /api/health-check with 15 bytes took 2ms
17:12:26.940 200 GET /api/health-check with 15 bytes took 1ms
17:12:57.234 200 GET /api/health-check with 15 bytes took 2ms
17:13:27.501 200 GET /api/health-check with 15 bytes took 2ms
17:13:57.791 200 GET /api/health-check with 15 bytes took 2ms
17:14:28.101 200 GET /api/health-check with 15 bytes took 2ms
17:14:58.385 200 GET /api/health-check with 15 bytes took 0ms
17:15:28.644 200 GET /api/health-check with 15 bytes took 3ms
17:15:58.887 200 GET /api/health-check with 15 bytes took 2ms
17:16:29.150 200 GET /api/health-check with 15 bytes took 2ms
17:16:59.420 200 GET /api/health-check with 15 bytes took 4ms
17:17:29.629 200 GET /api/health-check with 15 bytes took 1ms
17:17:59.886 200 GET /api/health-check with 15 bytes took 8ms
17:18:30.209 200 GET /api/health-check with 15 bytes took 3ms
17:19:00.436 200 GET /api/health-check with 15 bytes took 1ms
17:19:30.743 200 GET /api/health-check with 15 bytes took 1ms
17:20:01.039 200 GET /api/health-check with 15 bytes took 2ms
17:20:31.335 200 GET /api/health-check with 15 bytes took 2ms
17:21:01.640 200 GET /api/health-check with 15 bytes took 1ms
17:21:31.935 200 GET /api/health-check with 15 bytes took 4ms
17:22:02.306 200 GET /api/health-check with 15 bytes took 6ms
17:22:32.560 200 GET /api/health-check with 15 bytes took 3ms
17:23:02.888 Slow 200 GET /api/health-check with 15 bytes took 10ms
17:23:33.148 200 GET /api/health-check with 15 bytes took 2ms
17:24:03.383 200 GET /api/health-check with 15 bytes took 3ms
17:24:33.639 200 GET /api/health-check with 15 bytes took 2ms
17:25:03.963 200 GET /api/health-check with 15 bytes took 3ms
17:25:34.243 200 GET /api/health-check with 15 bytes took 3ms
17:26:04.598 200 GET /api/health-check with 15 bytes took 2ms
17:26:34.845 200 GET /api/health-check with 15 bytes took 3ms
17:27:05.089 200 GET /api/health-check with 15 bytes took 3ms
17:27:35.350 200 GET /api/health-check with 15 bytes took 2ms
17:28:05.615 200 GET /api/health-check with 15 bytes took 3ms
17:28:35.894 200 GET /api/health-check with 15 bytes took 4ms
17:29:06.188 200 GET /api/health-check with 15 bytes took 1ms
17:29:36.478 200 GET /api/health-check with 15 bytes took 2ms
17:30:06.788 200 GET /api/health-check with 15 bytes took 1ms
17:30:37.076 200 GET /api/health-check with 15 bytes took 5ms
17:31:07.298 200 GET /api/health-check with 15 bytes took 2ms
17:31:37.553 200 GET /api/health-check with 15 bytes took 3ms
17:32:07.822 200 GET /api/health-check with 15 bytes took 4ms
17:32:38.178 200 GET /api/health-check with 15 bytes took 3ms
17:33:08.442 200 GET /api/health-check with 15 bytes took 3ms
17:33:38.698 200 GET /api/health-check with 15 bytes took 3ms
17:34:08.984 200 GET /api/health-check with 15 bytes took 4ms
17:34:39.282 200 GET /api/health-check with 15 bytes took 1ms
17:35:09.601 200 GET /api/health-check with 15 bytes took 3ms
17:35:39.892 200 GET /api/health-check with 15 bytes took 2ms
17:36:10.151 200 GET /api/health-check with 15 bytes took 2ms
17:36:40.419 200 GET /api/health-check with 15 bytes took 7ms
17:37:10.688 200 GET /api/health-check with 15 bytes took 3ms
17:37:40.921 200 GET /api/health-check with 15 bytes took 2ms
17:38:11.220 200 GET /api/health-check with 15 bytes took 5ms
17:38:41.468 200 GET /api/health-check with 15 bytes took 1ms
17:39:11.817 200 GET /api/health-check with 15 bytes took 1ms
17:39:42.115 200 GET /api/health-check with 15 bytes took 2ms
17:40:12.381 200 GET /api/health-check with 15 bytes took 3ms
17:40:42.616 200 GET /api/health-check with 15 bytes took 3ms
17:41:12.897 200 GET /api/health-check with 15 bytes took 2ms
17:41:43.171 200 GET /api/health-check with 15 bytes took 3ms
17:42:13.431 200 GET /api/health-check with 15 bytes took 1ms
17:42:43.706 200 GET /api/health-check with 15 bytes took 3ms
17:43:13.956 200 GET /api/health-check with 15 bytes took 2ms
17:43:44.215 200 GET /api/health-check with 15 bytes took 2ms
17:44:14.469 200 GET /api/health-check with 15 bytes took 2ms
17:44:44.759 200 GET /api/health-check with 15 bytes took 4ms
17:45:14.999 200 GET /api/health-check with 15 bytes took 3ms
17:45:45.287 200 GET /api/health-check with 15 bytes took 2ms
17:46:15.540 200 GET /api/health-check with 15 bytes took 2ms
17:46:45.807 200 GET /api/health-check with 15 bytes took 2ms
17:47:16.080 200 GET /api/health-check with 15 bytes took 6ms
17:47:46.332 200 GET /api/health-check with 15 bytes took 1ms
17:48:16.560 200 GET /api/health-check with 15 bytes took 2ms
17:48:46.863 200 GET /api/health-check with 15 bytes took 3ms
17:49:17.107 200 GET /api/health-check with 15 bytes took 3ms
17:49:47.373 200 GET /api/health-check with 15 bytes took 3ms
17:50:17.669 200 GET /api/health-check with 15 bytes took 2ms
17:50:47.993 200 GET /api/health-check with 15 bytes took 3ms
17:51:18.374 200 GET /api/health-check with 15 bytes took 4ms
17:51:48.591 200 GET /api/health-check with 15 bytes took 1ms
17:52:18.880 200 GET /api/health-check with 15 bytes took 3ms
17:52:49.130 200 GET /api/health-check with 15 bytes took 1ms
17:53:19.442 200 GET /api/health-check with 15 bytes took 7ms
17:53:49.717 200 GET /api/health-check with 15 bytes took 2ms
17:54:20.002 200 GET /api/health-check with 15 bytes took 4ms
17:54:50.230 200 GET /api/health-check with 15 bytes took 2ms
17:55:20.548 200 GET /api/health-check with 15 bytes took 1ms
17:55:50.851 200 GET /api/health-check with 15 bytes took 2ms
17:56:21.173 Slow 200 GET /api/health-check with 15 bytes took 12ms
17:56:51.436 200 GET /api/health-check with 15 bytes took 3ms
17:57:21.685 200 GET /api/health-check with 15 bytes took 2ms
17:57:51.981 200 GET /api/health-check with 15 bytes took 2ms
17:58:22.244 200 GET /api/health-check with 15 bytes took 3ms
17:58:52.527 200 GET /api/health-check with 15 bytes took 2ms
17:59:22.798 200 GET /api/health-check with 15 bytes took 5ms
17:59:53.046 200 GET /api/health-check with 15 bytes took 3ms
18:00:23.295 200 GET /api/health-check with 15 bytes took 2ms
18:00:53.568 200 GET /api/health-check with 15 bytes took 3ms
18:01:23.846 200 GET /api/health-check with 15 bytes took 2ms
18:01:54.127 200 GET /api/health-check with 15 bytes took 2ms
18:02:24.409 200 GET /api/health-check with 15 bytes took 6ms
18:02:54.693 200 GET /api/health-check with 15 bytes took 1ms
18:03:25.000 200 GET /api/health-check with 15 bytes took 4ms
18:03:55.246 200 GET /api/health-check with 15 bytes took 3ms
18:04:25.549 200 GET /api/health-check with 15 bytes took 2ms
18:04:55.806 200 GET /api/health-check with 15 bytes took 2ms
18:05:26.055 200 GET /api/health-check with 15 bytes took 2ms
18:05:56.293 200 GET /api/health-check with 15 bytes took 2ms
18:06:26.539 200 GET /api/health-check with 15 bytes took 2ms
18:06:56.873 200 GET /api/health-check with 15 bytes took 9ms
18:07:27.097 200 GET /api/health-check with 15 bytes took 1ms
18:07:57.365 200 GET /api/health-check with 15 bytes took 6ms
18:08:27.593 200 GET /api/health-check with 15 bytes took 2ms
18:08:57.897 200 GET /api/health-check with 15 bytes took 2ms
18:09:28.177 200 GET /api/health-check with 15 bytes took 3ms
18:09:58.453 200 GET /api/health-check with 15 bytes took 2ms
18:10:28.720 200 GET /api/health-check with 15 bytes took 4ms
18:10:58.961 200 GET /api/health-check with 15 bytes took 5ms
18:11:29.232 200 GET /api/health-check with 15 bytes took 3ms
18:11:59.452 200 GET /api/health-check with 15 bytes took 2ms
18:12:29.734 200 GET /api/health-check with 15 bytes took 4ms
18:13:00.029 200 GET /api/health-check with 15 bytes took 2ms
18:13:30.293 200 GET /api/health-check with 15 bytes took 3ms
18:14:00.522 200 GET /api/health-check with 15 bytes took 2ms
18:14:30.828 200 GET /api/health-check with 15 bytes took 4ms
18:15:01.127 200 GET /api/health-check with 15 bytes took 2ms
18:15:31.474 200 GET /api/health-check with 15 bytes took 5ms
18:16:01.850 200 GET /api/health-check with 15 bytes took 3ms
18:16:32.112 200 GET /api/health-check with 15 bytes took 8ms
18:17:02.455 200 GET /api/health-check with 15 bytes took 2ms
18:17:32.806 200 GET /api/health-check with 15 bytes took 1ms
18:18:03.048 200 GET /api/health-check with 15 bytes took 2ms
18:18:33.289 200 GET /api/health-check with 15 bytes took 2ms
18:19:03.639 200 GET /api/health-check with 15 bytes took 3ms
18:19:33.889 200 GET /api/health-check with 15 bytes took 1ms
18:20:04.198 200 GET /api/health-check with 15 bytes took 3ms
18:20:34.422 200 GET /api/health-check with 15 bytes took 2ms
18:21:04.690 200 GET /api/health-check with 15 bytes took 3ms
18:21:34.947 200 GET /api/health-check with 15 bytes took 1ms
18:22:05.233 200 GET /api/health-check with 15 bytes took 1ms
18:22:35.537 200 GET /api/health-check with 15 bytes took 4ms
18:23:05.826 200 GET /api/health-check with 15 bytes took 5ms
18:23:36.068 200 GET /api/health-check with 15 bytes took 3ms
18:24:06.295 200 GET /api/health-check with 15 bytes took 1ms
18:24:36.615 200 GET /api/health-check with 15 bytes took 1ms
18:25:06.870 200 GET /api/health-check with 15 bytes took 8ms
18:25:37.143 200 GET /api/health-check with 15 bytes took 2ms
18:26:07.380 200 GET /api/health-check with 15 bytes took 3ms
18:26:37.623 200 GET /api/health-check with 15 bytes took 2ms
18:27:07.852 200 GET /api/health-check with 15 bytes took 2ms
18:27:38.106 200 GET /api/health-check with 15 bytes took 1ms
18:28:08.372 200 GET /api/health-check with 15 bytes took 2ms
18:28:38.700 200 GET /api/health-check with 15 bytes took 4ms
18:29:08.939 200 GET /api/health-check with 15 bytes took 2ms
18:29:39.262 200 GET /api/health-check with 15 bytes took 3ms
18:30:09.519 200 GET /api/health-check with 15 bytes took 2ms
18:30:39.802 200 GET /api/health-check with 15 bytes took 5ms
18:31:10.073 200 GET /api/health-check with 15 bytes took 8ms
18:31:40.403 200 GET /api/health-check with 15 bytes took 3ms
18:32:10.697 200 GET /api/health-check with 15 bytes took 4ms
18:32:40.923 200 GET /api/health-check with 15 bytes took 1ms
18:33:11.182 200 GET /api/health-check with 15 bytes took 3ms
18:33:41.485 200 GET /api/health-check with 15 bytes took 2ms
18:34:11.793 200 GET /api/health-check with 15 bytes took 3ms
18:34:42.017 200 GET /api/health-check with 15 bytes took 2ms
18:35:12.406 200 GET /api/health-check with 15 bytes took 4ms
18:35:42.691 200 GET /api/health-check with 15 bytes took 4ms
18:36:13.026 200 GET /api/health-check with 15 bytes took 3ms
18:36:43.254 200 GET /api/health-check with 15 bytes took 1ms
18:37:13.572 200 GET /api/health-check with 15 bytes took 3ms
18:37:43.855 200 GET /api/health-check with 15 bytes took 3ms
18:38:14.124 200 GET /api/health-check with 15 bytes took 1ms
18:38:44.395 200 GET /api/health-check with 15 bytes took 3ms
18:39:14.633 200 GET /api/health-check with 15 bytes took 2ms
18:39:44.923 200 GET /api/health-check with 15 bytes took 2ms
18:40:15.186 200 GET /api/health-check with 15 bytes took 2ms
18:40:45.505 200 GET /api/health-check with 15 bytes took 4ms
18:41:15.769 200 GET /api/health-check with 15 bytes took 2ms
18:41:46.063 200 GET /api/health-check with 15 bytes took 2ms
18:42:16.296 200 GET /api/health-check with 15 bytes took 2ms
18:42:46.542 200 GET /api/health-check with 15 bytes took 2ms
18:43:16.855 200 GET /api/health-check with 15 bytes took 8ms
18:43:47.124 200 GET /api/health-check with 15 bytes took 4ms
18:44:17.355 200 GET /api/health-check with 15 bytes took 1ms
18:44:47.629 200 GET /api/health-check with 15 bytes took 2ms
18:45:17.885 200 GET /api/health-check with 15 bytes took 2ms
18:45:48.174 Slow 200 GET /api/health-check with 15 bytes took 14ms
18:46:18.411 200 GET /api/health-check with 15 bytes took 2ms
18:46:48.701 200 GET /api/health-check with 15 bytes took 2ms
18:47:19.006 200 GET /api/health-check with 15 bytes took 3ms
18:47:49.368 200 GET /api/health-check with 15 bytes took 5ms
18:48:19.679 200 GET /api/health-check with 15 bytes took 4ms
18:48:49.992 200 GET /api/health-check with 15 bytes took 4ms
18:49:20.263 200 GET /api/health-check with 15 bytes took 4ms
18:49:50.512 200 GET /api/health-check with 15 bytes took 2ms
18:50:20.769 200 GET /api/health-check with 15 bytes took 1ms
18:50:51.014 200 GET /api/health-check with 15 bytes took 2ms
18:51:21.284 200 GET /api/health-check with 15 bytes took 1ms
18:51:51.598 200 GET /api/health-check with 15 bytes took 3ms
18:52:21.877 200 GET /api/health-check with 15 bytes took 1ms
18:52:52.190 200 GET /api/health-check with 15 bytes took 5ms
18:53:22.466 200 GET /api/health-check with 15 bytes took 2ms
18:53:52.708 200 GET /api/health-check with 15 bytes took 1ms
18:54:22.995 200 GET /api/health-check with 15 bytes took 2ms
18:54:53.257 200 GET /api/health-check with 15 bytes took 2ms
18:55:23.520 200 GET /api/health-check with 15 bytes took 2ms
18:55:53.805 200 GET /api/health-check with 15 bytes took 2ms
18:56:24.125 200 GET /api/health-check with 15 bytes took 2ms
18:56:54.380 200 GET /api/health-check with 15 bytes took 2ms
18:57:24.666 200 GET /api/health-check with 15 bytes took 4ms
18:57:54.973 200 GET /api/health-check with 15 bytes took 2ms
18:58:25.213 200 GET /api/health-check with 15 bytes took 4ms
18:58:55.457 200 GET /api/health-check with 15 bytes took 2ms
18:59:25.746 200 GET /api/health-check with 15 bytes took 1ms
18:59:56.023 200 GET /api/health-check with 15 bytes took 1ms
19:00:26.275 200 GET /api/health-check with 15 bytes took 3ms
19:00:56.528 200 GET /api/health-check with 15 bytes took 7ms
19:01:26.783 200 GET /api/health-check with 15 bytes took 2ms
19:01:57.051 200 GET /api/health-check with 15 bytes took 3ms
19:02:27.293 200 GET /api/health-check with 15 bytes took 2ms
19:02:57.580 200 GET /api/health-check with 15 bytes took 3ms
19:03:27.819 200 GET /api/health-check with 15 bytes took 2ms
19:03:58.104 Slow 200 GET /api/health-check with 15 bytes took 14ms
19:04:28.322 200 GET /api/health-check with 15 bytes took 2ms
19:04:58.580 200 GET /api/health-check with 15 bytes took 2ms
19:05:28.853 200 GET /api/health-check with 15 bytes took 2ms
19:05:59.113 200 GET /api/health-check with 15 bytes took 1ms
19:06:29.357 200 GET /api/health-check with 15 bytes took 1ms
19:06:59.617 200 GET /api/health-check with 15 bytes took 3ms
19:07:29.837 200 GET /api/health-check with 15 bytes took 1ms
19:08:00.088 200 GET /api/health-check with 15 bytes took 2ms
19:08:30.348 200 GET /api/health-check with 15 bytes took 3ms
19:09:00.592 200 GET /api/health-check with 15 bytes took 2ms
19:09:30.829 200 GET /api/health-check with 15 bytes took 2ms
19:10:01.110 200 GET /api/health-check with 15 bytes took 2ms
19:10:31.369 200 GET /api/health-check with 15 bytes took 2ms
19:11:01.655 200 GET /api/health-check with 15 bytes took 5ms
19:11:31.957 200 GET /api/health-check with 15 bytes took 5ms
19:12:02.240 200 GET /api/health-check with 15 bytes took 3ms
19:12:32.557 200 GET /api/health-check with 15 bytes took 1ms
19:13:02.885 200 GET /api/health-check with 15 bytes took 3ms
19:13:33.112 200 GET /api/health-check with 15 bytes took 2ms
19:14:03.380 200 GET /api/health-check with 15 bytes took 3ms
19:14:33.603 200 GET /api/health-check with 15 bytes took 2ms
19:15:03.856 200 GET /api/health-check with 15 bytes took 3ms
19:15:34.102 200 GET /api/health-check with 15 bytes took 3ms
19:16:04.341 200 GET /api/health-check with 15 bytes took 3ms
19:16:34.609 200 GET /api/health-check with 15 bytes took 8ms
19:17:04.929 200 GET /api/health-check with 15 bytes took 4ms
19:17:35.186 200 GET /api/health-check with 15 bytes took 1ms
19:18:05.590 200 GET /api/health-check with 15 bytes took 3ms
19:18:35.851 200 GET /api/health-check with 15 bytes took 1ms
19:19:06.139 200 GET /api/health-check with 15 bytes took 2ms
19:19:36.391 200 GET /api/health-check with 15 bytes took 2ms
19:20:06.652 200 GET /api/health-check with 15 bytes took 1ms
19:20:36.958 200 GET /api/health-check with 15 bytes took 4ms
19:21:07.201 200 GET /api/health-check with 15 bytes took 2ms
19:21:37.459 200 GET /api/health-check with 15 bytes took 3ms
19:22:07.686 200 GET /api/health-check with 15 bytes took 1ms
19:22:37.960 200 GET /api/health-check with 15 bytes took 2ms
19:23:08.201 200 GET /api/health-check with 15 bytes took 2ms
19:23:38.456 200 GET /api/health-check with 15 bytes took 2ms
19:24:08.697 200 GET /api/health-check with 15 bytes took 2ms
19:24:38.974 200 GET /api/health-check with 15 bytes took 3ms
19:25:09.208 200 GET /api/health-check with 15 bytes took 1ms
19:25:39.527 200 GET /api/health-check with 15 bytes took 2ms
19:26:09.799 200 GET /api/health-check with 15 bytes took 2ms
19:26:40.080 200 GET /api/health-check with 15 bytes took 2ms
19:27:10.322 200 GET /api/health-check with 15 bytes took 2ms
19:27:40.539 200 GET /api/health-check with 15 bytes took 2ms
19:28:10.835 200 GET /api/health-check with 15 bytes took 2ms
19:28:41.060 200 GET /api/health-check with 15 bytes took 2ms
19:29:11.337 200 GET /api/health-check with 15 bytes took 3ms
19:29:41.668 200 GET /api/health-check with 15 bytes took 6ms
19:30:11.923 Slow 200 GET /api/health-check with 15 bytes took 12ms
19:30:42.182 200 GET /api/health-check with 15 bytes took 3ms
19:31:12.492 200 GET /api/health-check with 15 bytes took 2ms
19:31:42.737 200 GET /api/health-check with 15 bytes took 3ms
19:32:12.965 200 GET /api/health-check with 15 bytes took 1ms
19:32:43.220 200 GET /api/health-check with 15 bytes took 7ms
19:33:13.455 200 GET /api/health-check with 15 bytes took 2ms
19:33:43.736 200 GET /api/health-check with 15 bytes took 2ms
19:34:14.003 200 GET /api/health-check with 15 bytes took 1ms
19:34:44.284 200 GET /api/health-check with 15 bytes took 4ms
19:35:14.504 200 GET /api/health-check with 15 bytes took 1ms
19:35:44.804 200 GET /api/health-check with 15 bytes took 2ms
19:36:15.139 200 GET /api/health-check with 15 bytes took 3ms
19:36:45.459 200 GET /api/health-check with 15 bytes took 5ms
19:37:15.755 200 GET /api/health-check with 15 bytes took 3ms
19:37:46.127 200 GET /api/health-check with 15 bytes took 4ms
19:38:16.423 200 GET /api/health-check with 15 bytes took 1ms
19:38:46.746 200 GET /api/health-check with 15 bytes took 7ms
19:39:16.994 200 GET /api/health-check with 15 bytes took 2ms
19:39:47.241 200 GET /api/health-check with 15 bytes took 2ms
19:40:17.479 200 GET /api/health-check with 15 bytes took 3ms
19:40:47.714 200 GET /api/health-check with 15 bytes took 2ms
19:41:18.012 200 GET /api/health-check with 15 bytes took 3ms
19:41:48.270 200 GET /api/health-check with 15 bytes took 1ms
19:42:18.486 200 GET /api/health-check with 15 bytes took 2ms
19:42:48.732 200 GET /api/health-check with 15 bytes took 4ms
19:43:18.971 200 GET /api/health-check with 15 bytes took 4ms
19:43:49.226 200 GET /api/health-check with 15 bytes took 4ms
19:44:19.532 200 GET /api/health-check with 15 bytes took 1ms
19:44:49.782 200 GET /api/health-check with 15 bytes took 2ms
19:45:20.059 200 GET /api/health-check with 15 bytes took 2ms
19:45:50.335 200 GET /api/health-check with 15 bytes took 3ms
19:46:20.603 200 GET /api/health-check with 15 bytes took 2ms
19:46:50.893 200 GET /api/health-check with 15 bytes took 3ms
19:47:21.148 200 GET /api/health-check with 15 bytes took 1ms
19:47:51.398 200 GET /api/health-check with 15 bytes took 9ms
19:48:21.635 200 GET /api/health-check with 15 bytes took 2ms
19:48:51.871 200 GET /api/health-check with 15 bytes took 1ms
19:49:22.127 200 GET /api/health-check with 15 bytes took 2ms
19:49:52.435 200 GET /api/health-check with 15 bytes took 3ms
19:50:22.657 200 GET /api/health-check with 15 bytes took 1ms
19:50:52.943 200 GET /api/health-check with 15 bytes took 1ms
19:51:23.260 200 GET /api/health-check with 15 bytes took 2ms
19:51:53.541 200 GET /api/health-check with 15 bytes took 1ms
19:52:23.780 200 GET /api/health-check with 15 bytes took 2ms
19:52:54.060 200 GET /api/health-check with 15 bytes took 1ms
19:53:24.360 200 GET /api/health-check with 15 bytes took 4ms
19:53:54.625 200 GET /api/health-check with 15 bytes took 2ms
19:54:24.906 200 GET /api/health-check with 15 bytes took 2ms
19:54:55.152 200 GET /api/health-check with 15 bytes took 1ms
19:55:25.441 200 GET /api/health-check with 15 bytes took 3ms
19:55:55.672 200 GET /api/health-check with 15 bytes took 2ms
19:56:25.965 200 GET /api/health-check with 15 bytes took 2ms
19:56:56.199 200 GET /api/health-check with 15 bytes took 1ms
19:57:26.559 200 GET /api/health-check with 15 bytes took 3ms
19:57:56.806 200 GET /api/health-check with 15 bytes took 2ms
19:58:27.073 200 GET /api/health-check with 15 bytes took 3ms
19:58:57.307 200 GET /api/health-check with 15 bytes took 2ms
19:59:27.611 200 GET /api/health-check with 15 bytes took 3ms
19:59:57.873 200 GET /api/health-check with 15 bytes took 3ms
20:00:28.198 200 GET /api/health-check with 15 bytes took 2ms
20:00:58.496 200 GET /api/health-check with 15 bytes took 4ms
20:01:28.758 200 GET /api/health-check with 15 bytes took 2ms
20:01:59.071 200 GET /api/health-check with 15 bytes took 3ms
20:02:29.318 200 GET /api/health-check with 15 bytes took 1ms
20:02:59.582 200 GET /api/health-check with 15 bytes took 3ms
20:03:29.832 200 GET /api/health-check with 15 bytes took 7ms
20:04:00.155 200 GET /api/health-check with 15 bytes took 4ms
20:04:30.423 200 GET /api/health-check with 15 bytes took 4ms
20:05:00.672 200 GET /api/health-check with 15 bytes took 2ms
20:05:30.944 200 GET /api/health-check with 15 bytes took 2ms
20:06:01.295 200 GET /api/health-check with 15 bytes took 2ms
20:06:31.583 200 GET /api/health-check with 15 bytes took 4ms
20:07:01.950 Slow 200 GET /api/health-check with 15 bytes took 12ms
20:07:32.232 200 GET /api/health-check with 15 bytes took 3ms
20:08:02.493 200 GET /api/health-check with 15 bytes took 3ms
20:08:32.827 200 GET /api/health-check with 15 bytes took 3ms
20:09:03.142 200 GET /api/health-check with 15 bytes took 2ms
20:09:33.433 200 GET /api/health-check with 15 bytes took 1ms
20:10:03.811 200 GET /api/health-check with 15 bytes took 2ms
20:10:34.028 200 GET /api/health-check with 15 bytes took 2ms
20:11:04.328 200 GET /api/health-check with 15 bytes took 3ms
20:11:34.585 200 GET /api/health-check with 15 bytes took 2ms
20:12:04.842 200 GET /api/health-check with 15 bytes took 2ms
20:12:35.072 200 GET /api/health-check with 15 bytes took 2ms
20:13:05.372 200 GET /api/health-check with 15 bytes took 5ms
20:13:35.636 200 GET /api/health-check with 15 bytes took 2ms
20:14:05.895 200 GET /api/health-check with 15 bytes took 5ms
20:14:36.174 200 GET /api/health-check with 15 bytes took 1ms
20:15:06.456 200 GET /api/health-check with 15 bytes took 4ms
20:15:36.726 Slow 200 GET /api/health-check with 15 bytes took 14ms
20:16:07.078 200 GET /api/health-check with 15 bytes took 2ms
20:16:37.339 200 GET /api/health-check with 15 bytes took 2ms
20:17:07.581 200 GET /api/health-check with 15 bytes took 2ms
20:17:37.845 200 GET /api/health-check with 15 bytes took 3ms
20:18:08.103 200 GET /api/health-check with 15 bytes took 1ms
20:18:38.422 200 GET /api/health-check with 15 bytes took 2ms
20:19:08.655 200 GET /api/health-check with 15 bytes took 2ms
20:19:38.907 200 GET /api/health-check with 15 bytes took 3ms
20:20:09.156 200 GET /api/health-check with 15 bytes took 3ms
20:20:39.429 200 GET /api/health-check with 15 bytes took 3ms
20:21:09.691 200 GET /api/health-check with 15 bytes took 2ms
20:21:39.946 200 GET /api/health-check with 15 bytes took 3ms
20:22:10.182 200 GET /api/health-check with 15 bytes took 1ms
20:22:40.524 200 GET /api/health-check with 15 bytes took 3ms
20:23:10.750 200 GET /api/health-check with 15 bytes took 3ms
20:23:41.018 200 GET /api/health-check with 15 bytes took 2ms
20:24:11.285 200 GET /api/health-check with 15 bytes took 3ms
20:24:41.520 200 GET /api/health-check with 15 bytes took 2ms
20:25:11.793 200 GET /api/health-check with 15 bytes took 3ms
20:25:42.023 200 GET /api/health-check with 15 bytes took 1ms
20:26:12.313 200 GET /api/health-check with 15 bytes took 2ms
20:26:42.603 200 GET /api/health-check with 15 bytes took 2ms
20:27:12.860 200 GET /api/health-check with 15 bytes took 2ms
20:27:43.153 200 GET /api/health-check with 15 bytes took 2ms
20:28:13.463 200 GET /api/health-check with 15 bytes took 3ms
20:28:43.716 200 GET /api/health-check with 15 bytes took 4ms
20:29:14.048 200 GET /api/health-check with 15 bytes took 4ms
20:29:44.328 200 GET /api/health-check with 15 bytes took 4ms
20:30:14.592 200 GET /api/health-check with 15 bytes took 1ms
20:30:44.841 200 GET /api/health-check with 15 bytes took 3ms
20:31:15.088 200 GET /api/health-check with 15 bytes took 2ms
20:31:45.350 200 GET /api/health-check with 15 bytes took 2ms
20:32:15.595 200 GET /api/health-check with 15 bytes took 2ms
20:32:45.880 200 GET /api/health-check with 15 bytes took 3ms
20:33:16.121 200 GET /api/health-check with 15 bytes took 2ms
20:33:46.392 200 GET /api/health-check with 15 bytes took 2ms
20:34:16.689 200 GET /api/health-check with 15 bytes took 9ms
20:34:46.925 200 GET /api/health-check with 15 bytes took 2ms
20:35:17.166 200 GET /api/health-check with 15 bytes took 2ms
20:35:47.444 200 GET /api/health-check with 15 bytes took 2ms
20:36:17.729 200 GET /api/health-check with 15 bytes took 3ms
20:36:48.011 200 GET /api/health-check with 15 bytes took 2ms
20:37:18.352 200 GET /api/health-check with 15 bytes took 2ms
20:37:48.615 200 GET /api/health-check with 15 bytes took 2ms
20:38:18.878 200 GET /api/health-check with 15 bytes took 2ms
20:38:49.192 200 GET /api/health-check with 15 bytes took 2ms
20:39:19.462 200 GET /api/health-check with 15 bytes took 3ms
20:39:49.706 200 GET /api/health-check with 15 bytes took 2ms
20:40:19.956 200 GET /api/health-check with 15 bytes took 2ms
20:40:50.212 200 GET /api/health-check with 15 bytes took 2ms
20:41:20.547 200 GET /api/health-check with 15 bytes took 1ms
20:41:50.846 200 GET /api/health-check with 15 bytes took 2ms
20:42:21.079 200 GET /api/health-check with 15 bytes took 2ms
20:42:51.297 200 GET /api/health-check with 15 bytes took 1ms
20:43:21.630 200 GET /api/health-check with 15 bytes took 2ms
20:43:51.901 200 GET /api/health-check with 15 bytes took 3ms
20:44:22.204 200 GET /api/health-check with 15 bytes took 2ms
20:44:52.472 200 GET /api/health-check with 15 bytes took 3ms
20:45:22.766 200 GET /api/health-check with 15 bytes took 3ms
20:45:53.063 200 GET /api/health-check with 15 bytes took 2ms
20:46:23.320 200 GET /api/health-check with 15 bytes took 3ms
20:46:53.571 200 GET /api/health-check with 15 bytes took 1ms
20:47:23.923 200 GET /api/health-check with 15 bytes took 9ms
20:47:54.206 200 GET /api/health-check with 15 bytes took 2ms
20:48:24.438 200 GET /api/health-check with 15 bytes took 2ms
20:48:54.739 200 GET /api/health-check with 15 bytes took 4ms
20:49:25.033 200 GET /api/health-check with 15 bytes took 1ms
20:49:55.339 200 GET /api/health-check with 15 bytes took 6ms
20:50:25.594 200 GET /api/health-check with 15 bytes took 2ms
20:50:55.923 200 GET /api/health-check with 15 bytes took 4ms
20:51:26.162 200 GET /api/health-check with 15 bytes took 6ms
20:51:56.409 200 GET /api/health-check with 15 bytes took 4ms
20:52:26.674 200 GET /api/health-check with 15 bytes took 3ms
20:52:56.913 200 GET /api/health-check with 15 bytes took 2ms
20:53:27.160 200 GET /api/health-check with 15 bytes took 2ms
20:53:57.421 200 GET /api/health-check with 15 bytes took 4ms
20:54:27.670 200 GET /api/health-check with 15 bytes took 1ms
20:54:57.956 200 GET /api/health-check with 15 bytes took 3ms
20:55:28.237 200 GET /api/health-check with 15 bytes took 1ms
20:55:58.485 200 GET /api/health-check with 15 bytes took 1ms
20:56:28.716 200 GET /api/health-check with 15 bytes took 2ms
20:56:58.965 200 GET /api/health-check with 15 bytes took 2ms
20:57:29.216 200 GET /api/health-check with 15 bytes took 2ms
20:57:59.486 200 GET /api/health-check with 15 bytes took 1ms
20:58:29.792 200 GET /api/health-check with 15 bytes took 2ms
20:59:00.028 200 GET /api/health-check with 15 bytes took 3ms
20:59:30.358 200 GET /api/health-check with 15 bytes took 1ms
21:00:00.658 200 GET /api/health-check with 15 bytes took 2ms
21:00:30.934 200 GET /api/health-check with 15 bytes took 3ms
21:01:01.189 200 GET /api/health-check with 15 bytes took 5ms
21:01:31.446 200 GET /api/health-check with 15 bytes took 2ms
21:02:01.754 200 GET /api/health-check with 15 bytes took 4ms
21:02:31.997 200 GET /api/health-check with 15 bytes took 1ms
21:03:02.345 200 GET /api/health-check with 15 bytes took 3ms
21:03:32.592 200 GET /api/health-check with 15 bytes took 3ms
21:04:02.872 200 GET /api/health-check with 15 bytes took 3ms
21:04:33.154 200 GET /api/health-check with 15 bytes took 5ms
21:05:03.436 200 GET /api/health-check with 15 bytes took 4ms
21:05:33.697 200 GET /api/health-check with 15 bytes took 3ms
21:06:03.995 200 GET /api/health-check with 15 bytes took 3ms
21:06:34.239 200 GET /api/health-check with 15 bytes took 3ms
21:07:04.579 200 GET /api/health-check with 15 bytes took 1ms
21:07:34.872 200 GET /api/health-check with 15 bytes took 2ms
21:08:05.096 200 GET /api/health-check with 15 bytes took 1ms
21:08:35.339 200 GET /api/health-check with 15 bytes took 2ms
21:09:05.598 200 GET /api/health-check with 15 bytes took 2ms
21:09:35.923 200 GET /api/health-check with 15 bytes took 5ms
21:10:06.136 200 GET /api/health-check with 15 bytes took 1ms
21:10:36.374 200 GET /api/health-check with 15 bytes took 3ms
21:11:06.645 200 GET /api/health-check with 15 bytes took 1ms
21:11:36.941 200 GET /api/health-check with 15 bytes took 4ms
21:12:07.275 200 GET /api/health-check with 15 bytes took 2ms
21:12:37.567 200 GET /api/health-check with 15 bytes took 4ms
21:13:07.807 200 GET /api/health-check with 15 bytes took 4ms
21:13:38.047 200 GET /api/health-check with 15 bytes took 2ms
21:14:08.291 200 GET /api/health-check with 15 bytes took 4ms
21:14:38.555 200 GET /api/health-check with 15 bytes took 8ms
21:15:08.837 200 GET /api/health-check with 15 bytes took 4ms
21:15:39.075 200 GET /api/health-check with 15 bytes took 2ms
21:16:09.381 200 GET /api/health-check with 15 bytes took 3ms
21:16:39.687 200 GET /api/health-check with 15 bytes took 1ms
21:17:09.921 200 GET /api/health-check with 15 bytes took 3ms
21:17:40.249 200 GET /api/health-check with 15 bytes took 1ms
21:18:10.462 200 GET /api/health-check with 15 bytes took 2ms
21:18:16.640 Error: Router not found for request HEAD /invoker/EJBInvokerServlet
21:18:40.703 200 GET /api/health-check with 15 bytes took 2ms
21:18:41.901 Error: Router not found for request GET http://proxy.flarevpn.digital:8080/judge
21:18:42.090 Error: Router not found for request GET http://proxy.flarevpn.digital:8080/judge
21:18:48.364 Error: Router not found for request HEAD /jmx-console/HtmlAdaptor?action=inspectMBean&name=jboss.system:type=ServerInfo
21:19:10.974 200 GET /api/health-check with 15 bytes took 2ms
21:19:19.940 Error: Router not found for request HEAD /invoker/JMXInvokerServlet
21:19:41.222 200 GET /api/health-check with 15 bytes took 1ms
21:19:49.653 Error: Router not found for request HEAD /web-console/ServerInfo.jsp
21:20:11.456 200 GET /api/health-check with 15 bytes took 2ms
21:20:41.718 200 GET /api/health-check with 15 bytes took 2ms
21:21:11.984 200 GET /api/health-check with 15 bytes took 1ms
21:21:42.280 200 GET /api/health-check with 15 bytes took 3ms
21:22:12.535 200 GET /api/health-check with 15 bytes took 2ms
21:22:42.852 200 GET /api/health-check with 15 bytes took 5ms
21:23:13.117 200 GET /api/health-check with 15 bytes took 1ms
21:23:43.376 200 GET /api/health-check with 15 bytes took 3ms
21:24:13.646 200 GET /api/health-check with 15 bytes took 3ms
21:24:43.905 200 GET /api/health-check with 15 bytes took 5ms
21:25:14.142 200 GET /api/health-check with 15 bytes took 2ms
21:25:44.437 200 GET /api/health-check with 15 bytes took 5ms
21:26:14.744 200 GET /api/health-check with 15 bytes took 2ms
21:26:44.997 200 GET /api/health-check with 15 bytes took 8ms
21:27:15.229 200 GET /api/health-check with 15 bytes took 1ms
21:27:45.491 200 GET /api/health-check with 15 bytes took 1ms
21:28:15.767 200 GET /api/health-check with 15 bytes took 4ms
21:28:46.076 200 GET /api/health-check with 15 bytes took 3ms
21:29:16.341 200 GET /api/health-check with 15 bytes took 2ms
21:29:46.582 200 GET /api/health-check with 15 bytes took 1ms
21:30:16.843 200 GET /api/health-check with 15 bytes took 3ms
21:30:47.067 200 GET /api/health-check with 15 bytes took 1ms
21:31:17.329 200 GET /api/health-check with 15 bytes took 4ms
21:31:47.547 200 GET /api/health-check with 15 bytes took 7ms
21:32:17.861 200 GET /api/health-check with 15 bytes took 4ms
21:32:48.108 200 GET /api/health-check with 15 bytes took 2ms
21:33:18.356 200 GET /api/health-check with 15 bytes took 1ms
21:33:48.639 200 GET /api/health-check with 15 bytes took 3ms
21:34:18.918 Slow 200 GET /api/health-check with 15 bytes took 10ms
21:34:49.197 200 GET /api/health-check with 15 bytes took 3ms
21:35:19.449 200 GET /api/health-check with 15 bytes took 2ms
21:35:49.751 200 GET /api/health-check with 15 bytes took 3ms
21:36:19.995 200 GET /api/health-check with 15 bytes took 2ms
21:36:50.246 200 GET /api/health-check with 15 bytes took 2ms
21:37:20.495 200 GET /api/health-check with 15 bytes took 2ms
21:37:50.868 200 GET /api/health-check with 15 bytes took 2ms
21:38:21.163 200 GET /api/health-check with 15 bytes took 2ms
21:38:51.441 200 GET /api/health-check with 15 bytes took 2ms
21:39:21.766 200 GET /api/health-check with 15 bytes took 4ms
21:39:52.043 200 GET /api/health-check with 15 bytes took 1ms
21:40:22.316 200 GET /api/health-check with 15 bytes took 3ms
21:40:52.603 200 GET /api/health-check with 15 bytes took 2ms
21:41:22.860 200 GET /api/health-check with 15 bytes took 5ms
21:41:53.100 200 GET /api/health-check with 15 bytes took 1ms
21:42:23.358 200 GET /api/health-check with 15 bytes took 6ms
21:42:53.650 200 GET /api/health-check with 15 bytes took 5ms
21:43:23.878 200 GET /api/health-check with 15 bytes took 2ms
21:43:54.128 200 GET /api/health-check with 15 bytes took 1ms
21:44:24.414 200 GET /api/health-check with 15 bytes took 7ms
21:44:54.656 200 GET /api/health-check with 15 bytes took 5ms
21:45:24.948 200 GET /api/health-check with 15 bytes took 2ms
21:45:55.211 200 GET /api/health-check with 15 bytes took 3ms
21:46:25.482 200 GET /api/health-check with 15 bytes took 2ms
21:46:55.729 200 GET /api/health-check with 15 bytes took 1ms
21:47:26.020 200 GET /api/health-check with 15 bytes took 1ms
21:47:56.263 200 GET /api/health-check with 15 bytes took 3ms
21:48:26.584 200 GET /api/health-check with 15 bytes took 3ms
21:48:56.825 200 GET /api/health-check with 15 bytes took 5ms
21:49:27.095 200 GET /api/health-check with 15 bytes took 2ms
21:49:57.327 200 GET /api/health-check with 15 bytes took 2ms
21:50:27.629 200 GET /api/health-check with 15 bytes took 2ms
21:50:57.945 200 GET /api/health-check with 15 bytes took 1ms
21:51:28.185 200 GET /api/health-check with 15 bytes took 2ms
21:51:58.443 200 GET /api/health-check with 15 bytes took 2ms
21:52:28.754 200 GET /api/health-check with 15 bytes took 2ms
21:52:59.082 200 GET /api/health-check with 15 bytes took 2ms
21:53:29.329 200 GET /api/health-check with 15 bytes took 2ms
21:53:59.604 200 GET /api/health-check with 15 bytes took 2ms
21:54:29.890 200 GET /api/health-check with 15 bytes took 4ms
21:55:00.195 200 GET /api/health-check with 15 bytes took 7ms
21:55:30.501 200 GET /api/health-check with 15 bytes took 3ms
21:56:00.842 200 GET /api/health-check with 15 bytes took 3ms
21:56:31.097 200 GET /api/health-check with 15 bytes took 3ms
21:57:01.350 200 GET /api/health-check with 15 bytes took 2ms
21:57:31.619 200 GET /api/health-check with 15 bytes took 3ms
21:58:01.934 200 GET /api/health-check with 15 bytes took 8ms
21:58:32.226 200 GET /api/health-check with 15 bytes took 2ms
21:59:02.499 200 GET /api/health-check with 15 bytes took 2ms
21:59:32.740 200 GET /api/health-check with 15 bytes took 1ms
22:00:03.090 200 GET /api/health-check with 15 bytes took 3ms
22:00:33.349 200 GET /api/health-check with 15 bytes took 2ms
22:01:03.715 200 GET /api/health-check with 15 bytes took 5ms
22:01:34.019 200 GET /api/health-check with 15 bytes took 5ms
22:02:04.257 200 GET /api/health-check with 15 bytes took 3ms
22:02:34.526 200 GET /api/health-check with 15 bytes took 2ms
22:03:04.803 200 GET /api/health-check with 15 bytes took 5ms
22:03:35.033 200 GET /api/health-check with 15 bytes took 2ms
22:04:05.335 200 GET /api/health-check with 15 bytes took 2ms
22:04:35.603 200 GET /api/health-check with 15 bytes took 3ms
22:05:05.844 200 GET /api/health-check with 15 bytes took 1ms
22:05:36.099 200 GET /api/health-check with 15 bytes took 3ms
22:06:06.322 200 GET /api/health-check with 15 bytes took 1ms
22:06:36.563 200 GET /api/health-check with 15 bytes took 5ms
22:07:06.806 200 GET /api/health-check with 15 bytes took 2ms
22:07:37.059 200 GET /api/health-check with 15 bytes took 4ms
22:08:07.289 200 GET /api/health-check with 15 bytes took 2ms
22:08:37.565 200 GET /api/health-check with 15 bytes took 2ms
22:09:07.821 200 GET /api/health-check with 15 bytes took 3ms
22:09:38.109 200 GET /api/health-check with 15 bytes took 1ms
22:10:08.433 200 GET /api/health-check with 15 bytes took 2ms
22:10:38.780 Slow 200 GET /api/health-check with 15 bytes took 11ms
22:11:09.071 200 GET /api/health-check with 15 bytes took 2ms
22:11:39.333 200 GET /api/health-check with 15 bytes took 2ms
22:12:09.573 200 GET /api/health-check with 15 bytes took 2ms
22:12:39.847 200 GET /api/health-check with 15 bytes took 3ms
22:13:10.109 200 GET /api/health-check with 15 bytes took 1ms
22:13:40.344 200 GET /api/health-check with 15 bytes took 1ms
22:14:10.631 200 GET /api/health-check with 15 bytes took 4ms
22:14:40.880 200 GET /api/health-check with 15 bytes took 2ms
22:15:11.204 200 GET /api/health-check with 15 bytes took 4ms
22:15:41.446 200 GET /api/health-check with 15 bytes took 2ms
22:16:11.755 200 GET /api/health-check with 15 bytes took 3ms
22:16:42.076 200 GET /api/health-check with 15 bytes took 2ms
22:17:12.314 200 GET /api/health-check with 15 bytes took 7ms
22:17:42.539 200 GET /api/health-check with 15 bytes took 1ms
22:18:12.843 200 GET /api/health-check with 15 bytes took 2ms
22:18:43.092 200 GET /api/health-check with 15 bytes took 2ms
22:19:13.344 200 GET /api/health-check with 15 bytes took 2ms
22:19:43.590 200 GET /api/health-check with 15 bytes took 2ms
22:20:13.926 200 GET /api/health-check with 15 bytes took 1ms
22:20:44.166 200 GET /api/health-check with 15 bytes took 2ms
22:21:14.461 200 GET /api/health-check with 15 bytes took 6ms
22:21:44.743 200 GET /api/health-check with 15 bytes took 4ms
22:22:15.074 200 GET /api/health-check with 15 bytes took 5ms
22:22:45.475 200 GET /api/health-check with 15 bytes took 3ms
22:23:15.724 200 GET /api/health-check with 15 bytes took 9ms
22:23:45.980 200 GET /api/health-check with 15 bytes took 2ms
22:24:16.218 200 GET /api/health-check with 15 bytes took 2ms
22:24:46.466 200 GET /api/health-check with 15 bytes took 2ms
22:25:16.730 200 GET /api/health-check with 15 bytes took 3ms
22:25:47.078 200 GET /api/health-check with 15 bytes took 4ms
22:26:17.315 200 GET /api/health-check with 15 bytes took 3ms
22:26:47.600 200 GET /api/health-check with 15 bytes took 2ms
22:27:17.858 200 GET /api/health-check with 15 bytes took 4ms
22:27:48.088 200 GET /api/health-check with 15 bytes took 0ms
22:28:18.349 200 GET /api/health-check with 15 bytes took 4ms
22:28:48.586 200 GET /api/health-check with 15 bytes took 2ms
22:29:18.919 200 GET /api/health-check with 15 bytes took 4ms
22:29:49.159 200 GET /api/health-check with 15 bytes took 3ms
22:30:19.428 200 GET /api/health-check with 15 bytes took 2ms
22:30:49.654 200 GET /api/health-check with 15 bytes took 2ms
22:31:19.907 200 GET /api/health-check with 15 bytes took 2ms
22:31:50.127 200 GET /api/health-check with 15 bytes took 1ms
22:32:20.375 200 GET /api/health-check with 15 bytes took 1ms
22:32:50.658 200 GET /api/health-check with 15 bytes took 3ms
22:33:20.977 200 GET /api/health-check with 15 bytes took 2ms
22:33:51.281 200 GET /api/health-check with 15 bytes took 4ms
22:34:21.509 200 GET /api/health-check with 15 bytes took 3ms
22:34:51.771 200 GET /api/health-check with 15 bytes took 4ms
22:35:22.053 200 GET /api/health-check with 15 bytes took 4ms
22:35:52.320 200 GET /api/health-check with 15 bytes took 1ms
22:36:22.533 200 GET /api/health-check with 15 bytes took 1ms
22:36:52.807 200 GET /api/health-check with 15 bytes took 3ms
22:37:23.069 200 GET /api/health-check with 15 bytes took 2ms
22:37:53.309 200 GET /api/health-check with 15 bytes took 3ms
22:38:23.572 200 GET /api/health-check with 15 bytes took 3ms
22:38:53.819 200 GET /api/health-check with 15 bytes took 2ms
22:39:24.089 200 GET /api/health-check with 15 bytes took 2ms
22:39:54.366 200 GET /api/health-check with 15 bytes took 2ms
22:40:24.675 200 GET /api/health-check with 15 bytes took 3ms
22:40:54.926 200 GET /api/health-check with 15 bytes took 8ms
22:41:25.241 200 GET /api/health-check with 15 bytes took 4ms
22:41:55.463 200 GET /api/health-check with 15 bytes took 5ms
22:42:25.804 200 GET /api/health-check with 15 bytes took 2ms
22:42:56.108 200 GET /api/health-check with 15 bytes took 3ms
22:43:26.344 200 GET /api/health-check with 15 bytes took 1ms
22:43:56.632 200 GET /api/health-check with 15 bytes took 3ms
22:44:26.872 200 GET /api/health-check with 15 bytes took 1ms
22:44:57.139 200 GET /api/health-check with 15 bytes took 2ms
22:45:27.390 200 GET /api/health-check with 15 bytes took 2ms
22:45:57.624 200 GET /api/health-check with 15 bytes took 1ms
22:46:27.844 200 GET /api/health-check with 15 bytes took 1ms
22:46:58.089 200 GET /api/health-check with 15 bytes took 2ms
22:47:28.363 200 GET /api/health-check with 15 bytes took 2ms
22:47:58.641 200 GET /api/health-check with 15 bytes took 2ms
22:48:28.866 200 GET /api/health-check with 15 bytes took 2ms
22:48:59.148 200 GET /api/health-check with 15 bytes took 1ms
22:49:29.405 200 GET /api/health-check with 15 bytes took 2ms
22:49:59.653 200 GET /api/health-check with 15 bytes took 2ms
22:50:29.938 200 GET /api/health-check with 15 bytes took 2ms
22:51:00.263 200 GET /api/health-check with 15 bytes took 3ms
22:51:30.506 200 GET /api/health-check with 15 bytes took 3ms
22:52:00.787 200 GET /api/health-check with 15 bytes took 3ms
22:52:31.065 200 GET /api/health-check with 15 bytes took 3ms
22:53:01.365 200 GET /api/health-check with 15 bytes took 4ms
22:53:31.695 200 GET /api/health-check with 15 bytes took 4ms
22:54:02.002 200 GET /api/health-check with 15 bytes took 7ms
22:54:32.330 200 GET /api/health-check with 15 bytes took 3ms
22:55:02.653 200 GET /api/health-check with 15 bytes took 3ms
22:55:32.959 200 GET /api/health-check with 15 bytes took 3ms
22:56:03.264 200 GET /api/health-check with 15 bytes took 4ms
22:56:33.534 200 GET /api/health-check with 15 bytes took 3ms
22:57:03.828 200 GET /api/health-check with 15 bytes took 2ms
22:57:34.124 200 GET /api/health-check with 15 bytes took 2ms
22:58:04.356 200 GET /api/health-check with 15 bytes took 1ms
22:58:34.592 200 GET /api/health-check with 15 bytes took 2ms
22:59:04.874 200 GET /api/health-check with 15 bytes took 2ms
22:59:35.173 200 GET /api/health-check with 15 bytes took 3ms
23:00:05.535 200 GET /api/health-check with 15 bytes took 8ms
23:00:35.827 200 GET /api/health-check with 15 bytes took 3ms
23:01:06.199 200 GET /api/health-check with 15 bytes took 3ms
23:01:36.472 200 GET /api/health-check with 15 bytes took 2ms
23:02:06.707 200 GET /api/health-check with 15 bytes took 1ms
23:02:37.010 200 GET /api/health-check with 15 bytes took 2ms
23:03:07.248 200 GET /api/health-check with 15 bytes took 2ms
23:03:37.551 200 GET /api/health-check with 15 bytes took 4ms
23:04:07.807 200 GET /api/health-check with 15 bytes took 3ms
23:04:38.045 200 GET /api/health-check with 15 bytes took 3ms
23:05:08.309 200 GET /api/health-check with 15 bytes took 2ms
23:05:38.534 200 GET /api/health-check with 15 bytes took 1ms
23:06:08.762 200 GET /api/health-check with 15 bytes took 3ms
23:06:39.050 200 GET /api/health-check with 15 bytes took 2ms
23:07:09.294 200 GET /api/health-check with 15 bytes took 2ms
23:07:39.586 200 GET /api/health-check with 15 bytes took 2ms
23:08:09.864 200 GET /api/health-check with 15 bytes took 2ms
23:08:40.143 200 GET /api/health-check with 15 bytes took 2ms
23:09:10.396 200 GET /api/health-check with 15 bytes took 2ms
23:09:40.626 200 GET /api/health-check with 15 bytes took 2ms
23:10:10.879 200 GET /api/health-check with 15 bytes took 2ms
23:10:41.110 200 GET /api/health-check with 15 bytes took 2ms
23:11:11.392 200 GET /api/health-check with 15 bytes took 5ms
23:11:41.689 200 GET /api/health-check with 15 bytes took 6ms
23:12:11.952 200 GET /api/health-check with 15 bytes took 2ms
23:12:42.229 200 GET /api/health-check with 15 bytes took 1ms
23:13:12.482 200 GET /api/health-check with 15 bytes took 2ms
23:13:42.703 200 GET /api/health-check with 15 bytes took 1ms
23:14:13.014 200 GET /api/health-check with 15 bytes took 3ms
23:14:43.351 200 GET /api/health-check with 15 bytes took 3ms
23:15:13.615 200 GET /api/health-check with 15 bytes took 1ms
23:15:43.868 200 GET /api/health-check with 15 bytes took 3ms
23:16:14.167 200 GET /api/health-check with 15 bytes took 8ms
23:16:44.395 200 GET /api/health-check with 15 bytes took 1ms
23:17:14.686 200 GET /api/health-check with 15 bytes took 1ms
23:17:45.013 200 GET /api/health-check with 15 bytes took 3ms
23:18:15.284 200 GET /api/health-check with 15 bytes took 2ms
23:18:45.579 200 GET /api/health-check with 15 bytes took 3ms
23:19:15.847 200 GET /api/health-check with 15 bytes took 2ms
23:19:46.109 200 GET /api/health-check with 15 bytes took 2ms
23:20:16.433 200 GET /api/health-check with 15 bytes took 3ms
23:20:46.716 200 GET /api/health-check with 15 bytes took 0ms
23:21:16.940 200 GET /api/health-check with 15 bytes took 1ms
23:21:47.186 200 GET /api/health-check with 15 bytes took 1ms
23:22:17.433 200 GET /api/health-check with 15 bytes took 1ms
23:22:47.683 200 GET /api/health-check with 15 bytes took 2ms
23:23:17.933 200 GET /api/health-check with 15 bytes took 2ms
23:23:48.201 200 GET /api/health-check with 15 bytes took 2ms
23:24:18.453 200 GET /api/health-check with 15 bytes took 2ms
23:24:48.707 200 GET /api/health-check with 15 bytes took 1ms
23:25:19.013 200 GET /api/health-check with 15 bytes took 8ms
23:25:49.228 200 GET /api/health-check with 15 bytes took 1ms
23:26:19.476 200 GET /api/health-check with 15 bytes took 4ms
23:26:49.734 200 GET /api/health-check with 15 bytes took 1ms
23:27:20.132 200 GET /api/health-check with 15 bytes took 3ms
23:27:50.349 200 GET /api/health-check with 15 bytes took 1ms
23:28:20.581 200 GET /api/health-check with 15 bytes took 2ms
23:28:50.858 200 GET /api/health-check with 15 bytes took 2ms
23:29:21.096 200 GET /api/health-check with 15 bytes took 1ms
23:29:51.378 200 GET /api/health-check with 15 bytes took 2ms
23:30:21.604 200 GET /api/health-check with 15 bytes took 2ms
23:30:51.908 200 GET /api/health-check with 15 bytes took 3ms
23:31:22.155 200 GET /api/health-check with 15 bytes took 3ms
23:31:52.408 200 GET /api/health-check with 15 bytes took 1ms
23:32:22.693 200 GET /api/health-check with 15 bytes took 2ms
23:32:52.947 200 GET /api/health-check with 15 bytes took 2ms
23:33:23.199 200 GET /api/health-check with 15 bytes took 3ms
23:33:53.477 200 GET /api/health-check with 15 bytes took 2ms
23:34:23.821 200 GET /api/health-check with 15 bytes took 4ms
23:34:54.045 200 GET /api/health-check with 15 bytes took 1ms
23:35:24.296 200 GET /api/health-check with 15 bytes took 2ms
23:35:54.529 200 GET /api/health-check with 15 bytes took 2ms
23:36:24.780 200 GET /api/health-check with 15 bytes took 6ms
23:36:55.041 200 GET /api/health-check with 15 bytes took 1ms
23:37:25.301 200 GET /api/health-check with 15 bytes took 3ms
23:37:55.608 200 GET /api/health-check with 15 bytes took 1ms
23:38:25.889 200 GET /api/health-check with 15 bytes took 4ms
23:38:56.136 200 GET /api/health-check with 15 bytes took 3ms
23:39:26.425 200 GET /api/health-check with 15 bytes took 2ms
23:39:56.670 200 GET /api/health-check with 15 bytes took 3ms
23:40:26.973 200 GET /api/health-check with 15 bytes took 3ms
23:40:57.213 200 GET /api/health-check with 15 bytes took 1ms
23:41:27.555 200 GET /api/health-check with 15 bytes took 4ms
23:41:57.829 200 GET /api/health-check with 15 bytes took 1ms
23:42:28.081 200 GET /api/health-check with 15 bytes took 2ms
23:42:58.343 200 GET /api/health-check with 15 bytes took 2ms
23:43:28.606 200 GET /api/health-check with 15 bytes took 3ms
23:43:58.886 Slow 200 GET /api/health-check with 15 bytes took 11ms
23:44:29.156 200 GET /api/health-check with 15 bytes took 1ms
23:44:59.414 200 GET /api/health-check with 15 bytes took 4ms
23:45:29.696 200 GET /api/health-check with 15 bytes took 3ms
23:45:59.963 200 GET /api/health-check with 15 bytes took 2ms
23:46:30.238 200 GET /api/health-check with 15 bytes took 2ms
23:47:00.528 200 GET /api/health-check with 15 bytes took 2ms
23:47:30.775 200 GET /api/health-check with 15 bytes took 2ms
23:48:01.069 200 GET /api/health-check with 15 bytes took 3ms
23:48:31.299 200 GET /api/health-check with 15 bytes took 2ms
23:49:01.598 200 GET /api/health-check with 15 bytes took 2ms
23:49:31.851 200 GET /api/health-check with 15 bytes took 3ms
23:50:02.171 200 GET /api/health-check with 15 bytes took 3ms
23:50:32.470 200 GET /api/health-check with 15 bytes took 2ms
23:51:02.693 200 GET /api/health-check with 15 bytes took 3ms
23:51:32.996 200 GET /api/health-check with 15 bytes took 3ms
23:52:03.245 200 GET /api/health-check with 15 bytes took 3ms
23:52:33.561 200 GET /api/health-check with 15 bytes took 2ms
23:53:03.811 200 GET /api/health-check with 15 bytes took 1ms
23:53:34.196 200 GET /api/health-check with 15 bytes took 9ms
23:54:04.439 200 GET /api/health-check with 15 bytes took 2ms
23:54:34.712 200 GET /api/health-check with 15 bytes took 1ms
23:55:05.010 200 GET /api/health-check with 15 bytes took 3ms
23:55:35.283 200 GET /api/health-check with 15 bytes took 2ms
23:56:05.526 200 GET /api/health-check with 15 bytes took 2ms
23:56:35.777 200 GET /api/health-check with 15 bytes took 2ms
23:57:06.027 200 GET /api/health-check with 15 bytes took 1ms
23:57:36.297 200 GET /api/health-check with 15 bytes took 1ms
23:58:06.535 200 GET /api/health-check with 15 bytes took 3ms
23:58:36.800 200 GET /api/health-check with 15 bytes took 2ms
23:59:07.122 200 GET /api/health-check with 15 bytes took 2ms
23:59:37.354 200 GET /api/health-check with 15 bytes took 3ms
